#
# There is insufficient memory for the Java Runtime Environment to continue.
# Native memory allocation (malloc) failed to allocate 824896 bytes for Chunk::new
# Possible reasons:
#   The system is out of physical RAM or swap space
#   The process is running with CompressedOops enabled, and the Java Heap may be blocking the growth of the native heap
# Possible solutions:
#   Reduce memory load on the system
#   Increase physical memory or swap space
#   Check if swap backing store is full
#   Decrease Java heap size (-Xmx/-Xms)
#   Decrease number of Java threads
#   Decrease Java thread stack sizes (-Xss)
#   Set larger code cache with -XX:ReservedCodeCacheSize=
#   JVM is running with Unscaled Compressed Oops mode in which the Java heap is
#     placed in the first 4GB address space. The Java Heap base address is the
#     maximum limit for the native heap growth. Please use -XX:HeapBaseMinAddress
#     to set the Java Heap base and to place the Java Heap above 4GB virtual address.
# This output file may be truncated or incomplete.
#
#  Out of Memory Error (arena.cpp:191), pid=10068, tid=16796
#
# JRE version: OpenJDK Runtime Environment (17.0.9) (build 17.0.9+0--11185874)
# Java VM: OpenJDK 64-Bit Server VM (17.0.9+0--11185874, mixed mode, tiered, compressed oops, compressed class ptrs, g1 gc, windows-amd64)
# No core dump will be written. Minidumps are not enabled by default on client versions of Windows
#

---------------  S U M M A R Y ------------

Command Line: --add-opens=java.base/java.util.concurrent.atomic=ALL-UNNAMED --add-opens=java.base/java.util=ALL-UNNAMED --add-opens=java.base/java.lang=ALL-UNNAMED --add-opens=java.base/java.lang.invoke=ALL-UNNAMED --add-opens=java.prefs/java.util.prefs=ALL-UNNAMED --add-opens=java.base/java.nio.charset=ALL-UNNAMED --add-opens=java.base/java.net=ALL-UNNAMED --add-opens=java.base/java.util.concurrent.atomic=ALL-UNNAMED -Xmx2048m -Dfile.encoding=UTF-8 -Duser.country=US -Duser.language=en -Duser.variant org.gradle.launcher.daemon.bootstrap.GradleDaemon 8.0

Host: Intel(R) Core(TM) i7-1065G7 CPU @ 1.30GHz, 8 cores, 15G,  Windows 11 , 64 bit Build 22621 (10.0.22621.3235)
Time: Sun Apr  7 22:36:01 2024 Mountain Daylight Time elapsed time: 19.751798 seconds (0d 0h 0m 19s)

---------------  T H R E A D  ---------------

Current thread (0x000001d50660ad30):  JavaThread "C2 CompilerThread2" daemon [_thread_in_native, id=16796, stack(0x0000008023d00000,0x0000008023e00000)]


Current CompileTask:
C2:  19751 7364   !   4       java.net.URLClassLoader::findClass (47 bytes)

Stack: [0x0000008023d00000,0x0000008023e00000]
Native frames: (J=compiled Java code, j=interpreted, Vv=VM code, C=native code)
V  [jvm.dll+0x6886e9]
V  [jvm.dll+0x841e4a]
V  [jvm.dll+0x843a8e]
V  [jvm.dll+0x8440f3]
V  [jvm.dll+0x24c14f]
V  [jvm.dll+0xac44c]
V  [jvm.dll+0xaca9c]
V  [jvm.dll+0x2b376f]
V  [jvm.dll+0x590767]
V  [jvm.dll+0x226762]
V  [jvm.dll+0x21fa02]
V  [jvm.dll+0x21d0c1]
V  [jvm.dll+0x1a674d]
V  [jvm.dll+0x22d088]
V  [jvm.dll+0x22b1c0]
V  [jvm.dll+0x7f62f7]
V  [jvm.dll+0x7f06aa]
V  [jvm.dll+0x687565]
C  [ucrtbase.dll+0x29363]
C  [KERNEL32.DLL+0x1257d]
C  [ntdll.dll+0x5aa58]


---------------  P R O C E S S  ---------------

Threads class SMR info:
_java_thread_list=0x000001d507755190, length=44, elements={
0x000001d561a9f4f0, 0x000001d57b6858c0, 0x000001d57b686390, 0x000001d57ba81030,
0x000001d57ba81a00, 0x000001d57ba844e0, 0x000001d57ba873d0, 0x000001d57ba888a0,
0x000001d57ba89670, 0x000001d57ba8a5a0, 0x000001d57bbf9300, 0x000001d57bc13ec0,
0x000001d505e98430, 0x000001d57bd51690, 0x000001d505c3ac00, 0x000001d5054fb690,
0x000001d5065a2b90, 0x000001d504cc7980, 0x000001d5057ba030, 0x000001d504564510,
0x000001d504564000, 0x000001d504564f30, 0x000001d504561780, 0x000001d504562bc0,
0x000001d5045621a0, 0x000001d5045630d0, 0x000001d5045635e0, 0x000001d506c62cc0,
0x000001d506c65f60, 0x000001d506c5ff30, 0x000001d506c63bf0, 0x000001d506c60950,
0x000001d506c631d0, 0x000001d506c5eaf0, 0x000001d506c65a50, 0x000001d506c64610,
0x000001d506c64100, 0x000001d506c64b20, 0x000001d506c60e60, 0x000001d506c61370,
0x000001d506c622a0, 0x000001d506fdea40, 0x000001d50660ad30, 0x000001d506c636e0
}

Java Threads: ( => current thread )
  0x000001d561a9f4f0 JavaThread "main" [_thread_blocked, id=17276, stack(0x0000008020a00000,0x0000008020b00000)]
  0x000001d57b6858c0 JavaThread "Reference Handler" daemon [_thread_blocked, id=13524, stack(0x0000008021100000,0x0000008021200000)]
  0x000001d57b686390 JavaThread "Finalizer" daemon [_thread_blocked, id=18288, stack(0x0000008021200000,0x0000008021300000)]
  0x000001d57ba81030 JavaThread "Signal Dispatcher" daemon [_thread_blocked, id=17076, stack(0x0000008021300000,0x0000008021400000)]
  0x000001d57ba81a00 JavaThread "Attach Listener" daemon [_thread_blocked, id=4048, stack(0x0000008021400000,0x0000008021500000)]
  0x000001d57ba844e0 JavaThread "Service Thread" daemon [_thread_blocked, id=7044, stack(0x0000008021500000,0x0000008021600000)]
  0x000001d57ba873d0 JavaThread "Monitor Deflation Thread" daemon [_thread_blocked, id=17740, stack(0x0000008021600000,0x0000008021700000)]
  0x000001d57ba888a0 JavaThread "C2 CompilerThread0" daemon [_thread_in_native, id=18352, stack(0x0000008021700000,0x0000008021800000)]
  0x000001d57ba89670 JavaThread "C1 CompilerThread0" daemon [_thread_blocked, id=17304, stack(0x0000008021800000,0x0000008021900000)]
  0x000001d57ba8a5a0 JavaThread "Sweeper thread" daemon [_thread_blocked, id=17224, stack(0x0000008021900000,0x0000008021a00000)]
  0x000001d57bbf9300 JavaThread "Common-Cleaner" daemon [_thread_blocked, id=13944, stack(0x0000008021a00000,0x0000008021b00000)]
  0x000001d57bc13ec0 JavaThread "Notification Thread" daemon [_thread_blocked, id=19592, stack(0x0000008021b00000,0x0000008021c00000)]
  0x000001d505e98430 JavaThread "Daemon health stats" [_thread_blocked, id=19924, stack(0x0000008022400000,0x0000008022500000)]
  0x000001d57bd51690 JavaThread "Incoming local TCP Connector on port 54377" [_thread_in_native, id=18504, stack(0x0000008021e00000,0x0000008021f00000)]
  0x000001d505c3ac00 JavaThread "Daemon periodic checks" [_thread_blocked, id=6012, stack(0x0000008022500000,0x0000008022600000)]
  0x000001d5054fb690 JavaThread "Daemon" [_thread_blocked, id=7532, stack(0x0000008022600000,0x0000008022700000)]
  0x000001d5065a2b90 JavaThread "Handler for socket connection from /127.0.0.1:54377 to /127.0.0.1:54378" [_thread_in_native, id=5236, stack(0x0000008022700000,0x0000008022800000)]
  0x000001d504cc7980 JavaThread "Cancel handler" [_thread_blocked, id=11396, stack(0x0000008022800000,0x0000008022900000)]
  0x000001d5057ba030 JavaThread "Daemon worker" [_thread_in_native, id=13720, stack(0x0000008022900000,0x0000008022a00000)]
  0x000001d504564510 JavaThread "Asynchronous log dispatcher for DefaultDaemonConnection: socket connection from /127.0.0.1:54377 to /127.0.0.1:54378" [_thread_blocked, id=15380, stack(0x0000008022a00000,0x0000008022b00000)]
  0x000001d504564000 JavaThread "Stdin handler" [_thread_blocked, id=19044, stack(0x0000008022b00000,0x0000008022c00000)]
  0x000001d504564f30 JavaThread "Daemon client event forwarder" [_thread_blocked, id=1996, stack(0x0000008022c00000,0x0000008022d00000)]
  0x000001d504561780 JavaThread "Cache worker for journal cache (C:\Users\bashir\Downloads\gradle-8.6-all\gradle-8.6\caches\journal-1)" [_thread_blocked, id=3896, stack(0x0000008023000000,0x0000008023100000)]
  0x000001d504562bc0 JavaThread "File lock request listener" [_thread_in_native, id=17092, stack(0x0000008023100000,0x0000008023200000)]
  0x000001d5045621a0 JavaThread "Cache worker for file hash cache (C:\Users\bashir\Downloads\gradle-8.6-all\gradle-8.6\caches\8.0\fileHashes)" [_thread_blocked, id=12916, stack(0x0000008023200000,0x0000008023300000)]
  0x000001d5045630d0 JavaThread "File watcher server" daemon [_thread_in_native, id=8196, stack(0x0000008023400000,0x0000008023500000)]
  0x000001d5045635e0 JavaThread "File watcher consumer" daemon [_thread_blocked, id=17680, stack(0x0000008023500000,0x0000008023600000)]
  0x000001d506c62cc0 JavaThread "jar transforms" [_thread_blocked, id=2652, stack(0x0000008021d00000,0x0000008021e00000)]
  0x000001d506c65f60 JavaThread "jar transforms Thread 2" [_thread_blocked, id=14412, stack(0x0000008023300000,0x0000008023400000)]
  0x000001d506c5ff30 JavaThread "jar transforms Thread 3" [_thread_blocked, id=12076, stack(0x0000008023600000,0x0000008023700000)]
  0x000001d506c63bf0 JavaThread "jar transforms Thread 4" [_thread_blocked, id=17404, stack(0x0000008023700000,0x0000008023800000)]
  0x000001d506c60950 JavaThread "jar transforms Thread 5" [_thread_blocked, id=20124, stack(0x0000008023800000,0x0000008023900000)]
  0x000001d506c631d0 JavaThread "jar transforms Thread 6" [_thread_blocked, id=17448, stack(0x0000008023900000,0x0000008023a00000)]
  0x000001d506c5eaf0 JavaThread "jar transforms Thread 7" [_thread_blocked, id=9464, stack(0x0000008023a00000,0x0000008023b00000)]
  0x000001d506c65a50 JavaThread "jar transforms Thread 8" [_thread_blocked, id=18776, stack(0x0000008023b00000,0x0000008023c00000)]
  0x000001d506c64610 JavaThread "Cache worker for checksums cache (C:\Users\bashir\Downloads\event-mobile-app-main\event-mobile-app-main\.gradle\8.0\checksums)" [_thread_blocked, id=5708, stack(0x0000008023e00000,0x0000008023f00000)]
  0x000001d506c64100 JavaThread "Cache worker for cache directory md-rule (C:\Users\bashir\Downloads\gradle-8.6-all\gradle-8.6\caches\8.0\md-rule)" [_thread_blocked, id=4580, stack(0x0000008023f00000,0x0000008024000000)]
  0x000001d506c64b20 JavaThread "Cache worker for file content cache (C:\Users\bashir\Downloads\gradle-8.6-all\gradle-8.6\caches\8.0\fileContent)" [_thread_blocked, id=2344, stack(0x0000008024000000,0x0000008024100000)]
  0x000001d506c60e60 JavaThread "Cache worker for file hash cache (C:\Users\bashir\Downloads\event-mobile-app-main\event-mobile-app-main\.gradle\8.0\fileHashes)" [_thread_blocked, id=13120, stack(0x0000008024100000,0x0000008024200000)]
  0x000001d506c61370 JavaThread "Cache worker for cache directory md-supplier (C:\Users\bashir\Downloads\gradle-8.6-all\gradle-8.6\caches\8.0\md-supplier)" [_thread_blocked, id=16484, stack(0x0000008024200000,0x0000008024300000)]
  0x000001d506c622a0 JavaThread "Cache worker for execution history cache (C:\Users\bashir\Downloads\gradle-8.6-all\gradle-8.6\caches\8.0\executionHistory)" [_thread_blocked, id=2244, stack(0x0000008024300000,0x0000008024400000)]
  0x000001d506fdea40 JavaThread "C2 CompilerThread1" daemon [_thread_in_native, id=13136, stack(0x0000008023c00000,0x0000008023d00000)]
=>0x000001d50660ad30 JavaThread "C2 CompilerThread2" daemon [_thread_in_native, id=16796, stack(0x0000008023d00000,0x0000008023e00000)]
  0x000001d506c636e0 JavaThread "Cache worker for kotlin-dsl (C:\Users\bashir\Downloads\gradle-8.6-all\gradle-8.6\caches\8.0\kotlin-dsl)" [_thread_blocked, id=17796, stack(0x0000008024400000,0x0000008024500000)]

Other Threads:
  0x000001d57b62b860 VMThread "VM Thread" [stack: 0x0000008021000000,0x0000008021100000] [id=19016]
  0x000001d57bc163b0 WatcherThread [stack: 0x0000008021c00000,0x0000008021d00000] [id=20108]
  0x000001d561afa160 GCTaskThread "GC Thread#0" [stack: 0x0000008020b00000,0x0000008020c00000] [id=15004]
  0x000001d5046c3880 GCTaskThread "GC Thread#1" [stack: 0x0000008021f00000,0x0000008022000000] [id=17864]
  0x000001d5046c3b40 GCTaskThread "GC Thread#2" [stack: 0x0000008022000000,0x0000008022100000] [id=3956]
  0x000001d50491ddf0 GCTaskThread "GC Thread#3" [stack: 0x0000008022100000,0x0000008022200000] [id=13076]
  0x000001d504816330 GCTaskThread "GC Thread#4" [stack: 0x0000008022200000,0x0000008022300000] [id=10432]
  0x000001d5046d8250 GCTaskThread "GC Thread#5" [stack: 0x0000008022300000,0x0000008022400000] [id=16560]
  0x000001d506c03200 GCTaskThread "GC Thread#6" [stack: 0x0000008022d00000,0x0000008022e00000] [id=5648]
  0x000001d506c01c00 GCTaskThread "GC Thread#7" [stack: 0x0000008022e00000,0x0000008022f00000] [id=15356]
  0x000001d561b0afc0 ConcurrentGCThread "G1 Main Marker" [stack: 0x0000008020c00000,0x0000008020d00000] [id=14704]
  0x000001d561b0b8f0 ConcurrentGCThread "G1 Conc#0" [stack: 0x0000008020d00000,0x0000008020e00000] [id=9588]
  0x000001d506c02c80 ConcurrentGCThread "G1 Conc#1" [stack: 0x0000008022f00000,0x0000008023000000] [id=11124]
  0x000001d561b4d640 ConcurrentGCThread "G1 Refine#0" [stack: 0x0000008020e00000,0x0000008020f00000] [id=14852]
  0x000001d561b4df80 ConcurrentGCThread "G1 Service" [stack: 0x0000008020f00000,0x0000008021000000] [id=14140]

Threads with active compile tasks:
C2 CompilerThread0    19817 7365       4       java.net.URLClassLoader$1::run (5 bytes)
C2 CompilerThread1    19817 7054       4       org.objectweb.asm.ClassReader::readCode (5109 bytes)
C2 CompilerThread2    19817 7364   !   4       java.net.URLClassLoader::findClass (47 bytes)

VM state: not at safepoint (normal execution)

VM Mutex/Monitor currently owned by a thread:  ([mutex/lock_event])
[0x000001d561a993b0] Compile_lock - owner thread: 0x0000000000000000

Heap address: 0x0000000080000000, size: 2048 MB, Compressed Oops mode: 32-bit

CDS archive(s) not mapped
Compressed class space mapped at: 0x0000000100000000-0x0000000140000000, reserved size: 1073741824
Narrow klass base: 0x0000000000000000, Narrow klass shift: 3, Narrow klass range: 0x140000000

GC Precious Log:
 CPUs: 8 total, 8 available
 Memory: 16075M
 Large Page Support: Disabled
 NUMA Support: Disabled
 Compressed Oops: Enabled (32-bit)
 Heap Region Size: 1M
 Heap Min Capacity: 8M
 Heap Initial Capacity: 252M
 Heap Max Capacity: 2G
 Pre-touch: Disabled
 Parallel Workers: 8
 Concurrent Workers: 2
 Concurrent Refinement Workers: 8
 Periodic GC: Disabled

Heap:
 garbage-first heap   total 243712K, used 110636K [0x0000000080000000, 0x0000000100000000)
  region size 1024K, 52 young (53248K), 2 survivors (2048K)
 Metaspace       used 56986K, committed 57472K, reserved 1114112K
  class space    used 7472K, committed 7680K, reserved 1048576K

Heap Regions: E=young(eden), S=young(survivor), O=old, HS=humongous(starts), HC=humongous(continues), CS=collection set, F=free, OA=open archive, CA=closed archive, TAMS=top-at-mark-start (previous, next)
|   0|0x0000000080000000, 0x0000000080100000, 0x0000000080100000|100%|HS|  |TAMS 0x0000000080100000, 0x0000000080000000| Complete 
|   1|0x0000000080100000, 0x0000000080200000, 0x0000000080200000|100%|HC|  |TAMS 0x0000000080200000, 0x0000000080100000| Complete 
|   2|0x0000000080200000, 0x0000000080300000, 0x0000000080300000|100%|HC|  |TAMS 0x0000000080300000, 0x0000000080200000| Complete 
|   3|0x0000000080300000, 0x0000000080400000, 0x0000000080400000|100%|HC|  |TAMS 0x0000000080400000, 0x0000000080300000| Complete 
|   4|0x0000000080400000, 0x0000000080500000, 0x0000000080500000|100%| O|  |TAMS 0x0000000080500000, 0x0000000080400000| Untracked 
|   5|0x0000000080500000, 0x0000000080600000, 0x0000000080600000|100%| O|  |TAMS 0x0000000080600000, 0x0000000080500000| Untracked 
|   6|0x0000000080600000, 0x0000000080700000, 0x0000000080700000|100%| O|  |TAMS 0x0000000080700000, 0x0000000080600000| Untracked 
|   7|0x0000000080700000, 0x0000000080800000, 0x0000000080800000|100%| O|  |TAMS 0x0000000080800000, 0x0000000080700000| Untracked 
|   8|0x0000000080800000, 0x0000000080900000, 0x0000000080900000|100%| O|  |TAMS 0x0000000080900000, 0x0000000080800000| Untracked 
|   9|0x0000000080900000, 0x0000000080a00000, 0x0000000080a00000|100%| O|  |TAMS 0x0000000080a00000, 0x0000000080900000| Untracked 
|  10|0x0000000080a00000, 0x0000000080b00000, 0x0000000080b00000|100%| O|  |TAMS 0x0000000080b00000, 0x0000000080a00000| Untracked 
|  11|0x0000000080b00000, 0x0000000080c00000, 0x0000000080c00000|100%| O|  |TAMS 0x0000000080c00000, 0x0000000080b00000| Untracked 
|  12|0x0000000080c00000, 0x0000000080d00000, 0x0000000080d00000|100%| O|  |TAMS 0x0000000080d00000, 0x0000000080c00000| Untracked 
|  13|0x0000000080d00000, 0x0000000080e00000, 0x0000000080e00000|100%| O|  |TAMS 0x0000000080e00000, 0x0000000080d00000| Untracked 
|  14|0x0000000080e00000, 0x0000000080f00000, 0x0000000080f00000|100%| O|  |TAMS 0x0000000080f00000, 0x0000000080e00000| Untracked 
|  15|0x0000000080f00000, 0x0000000081000000, 0x0000000081000000|100%| O|  |TAMS 0x0000000081000000, 0x0000000080f00000| Untracked 
|  16|0x0000000081000000, 0x0000000081100000, 0x0000000081100000|100%| O|  |TAMS 0x0000000081100000, 0x0000000081000000| Untracked 
|  17|0x0000000081100000, 0x0000000081200000, 0x0000000081200000|100%| O|  |TAMS 0x0000000081200000, 0x0000000081100000| Untracked 
|  18|0x0000000081200000, 0x0000000081300000, 0x0000000081300000|100%| O|  |TAMS 0x0000000081300000, 0x0000000081200000| Untracked 
|  19|0x0000000081300000, 0x0000000081400000, 0x0000000081400000|100%| O|  |TAMS 0x0000000081400000, 0x0000000081300000| Untracked 
|  20|0x0000000081400000, 0x0000000081500000, 0x0000000081500000|100%| O|  |TAMS 0x0000000081400000, 0x0000000081400000| Untracked 
|  21|0x0000000081500000, 0x0000000081600000, 0x0000000081600000|100%|HS|  |TAMS 0x0000000081600000, 0x0000000081500000| Complete 
|  22|0x0000000081600000, 0x0000000081700000, 0x0000000081700000|100%|HC|  |TAMS 0x0000000081700000, 0x0000000081600000| Complete 
|  23|0x0000000081700000, 0x0000000081800000, 0x0000000081800000|100%|HS|  |TAMS 0x0000000081800000, 0x0000000081700000| Complete 
|  24|0x0000000081800000, 0x0000000081900000, 0x0000000081900000|100%|HC|  |TAMS 0x0000000081900000, 0x0000000081800000| Complete 
|  25|0x0000000081900000, 0x0000000081a00000, 0x0000000081a00000|100%|HC|  |TAMS 0x0000000081a00000, 0x0000000081900000| Complete 
|  26|0x0000000081a00000, 0x0000000081b00000, 0x0000000081b00000|100%|HS|  |TAMS 0x0000000081b00000, 0x0000000081a00000| Complete 
|  27|0x0000000081b00000, 0x0000000081c00000, 0x0000000081c00000|100%|HC|  |TAMS 0x0000000081c00000, 0x0000000081b00000| Complete 
|  28|0x0000000081c00000, 0x0000000081d00000, 0x0000000081d00000|100%|HC|  |TAMS 0x0000000081d00000, 0x0000000081c00000| Complete 
|  29|0x0000000081d00000, 0x0000000081e00000, 0x0000000081e00000|100%| O|  |TAMS 0x0000000081e00000, 0x0000000081d00000| Untracked 
|  30|0x0000000081e00000, 0x0000000081f00000, 0x0000000081f00000|100%| O|  |TAMS 0x0000000081eb0c00, 0x0000000081e00000| Untracked 
|  31|0x0000000081f00000, 0x0000000082000000, 0x0000000082000000|100%| O|  |TAMS 0x0000000081f00000, 0x0000000081f00000| Untracked 
|  32|0x0000000082000000, 0x0000000082100000, 0x0000000082100000|100%| O|  |TAMS 0x0000000082000000, 0x0000000082000000| Untracked 
|  33|0x0000000082100000, 0x0000000082200000, 0x0000000082200000|100%| O|  |TAMS 0x0000000082100000, 0x0000000082100000| Untracked 
|  34|0x0000000082200000, 0x0000000082300000, 0x0000000082300000|100%| O|  |TAMS 0x0000000082200000, 0x0000000082200000| Untracked 
|  35|0x0000000082300000, 0x0000000082400000, 0x0000000082400000|100%| O|  |TAMS 0x0000000082300000, 0x0000000082300000| Untracked 
|  36|0x0000000082400000, 0x0000000082500000, 0x0000000082500000|100%| O|  |TAMS 0x0000000082400000, 0x0000000082400000| Untracked 
|  37|0x0000000082500000, 0x0000000082600000, 0x0000000082600000|100%| O|  |TAMS 0x0000000082500000, 0x0000000082500000| Untracked 
|  38|0x0000000082600000, 0x0000000082700000, 0x0000000082700000|100%| O|  |TAMS 0x0000000082600000, 0x0000000082600000| Untracked 
|  39|0x0000000082700000, 0x0000000082800000, 0x0000000082800000|100%| O|  |TAMS 0x0000000082700000, 0x0000000082700000| Untracked 
|  40|0x0000000082800000, 0x0000000082900000, 0x0000000082900000|100%| O|  |TAMS 0x0000000082800000, 0x0000000082800000| Untracked 
|  41|0x0000000082900000, 0x0000000082a00000, 0x0000000082a00000|100%| O|  |TAMS 0x0000000082900000, 0x0000000082900000| Untracked 
|  42|0x0000000082a00000, 0x0000000082b00000, 0x0000000082b00000|100%| O|  |TAMS 0x0000000082a00000, 0x0000000082a00000| Untracked 
|  43|0x0000000082b00000, 0x0000000082c00000, 0x0000000082c00000|100%| O|  |TAMS 0x0000000082b00000, 0x0000000082b00000| Untracked 
|  44|0x0000000082c00000, 0x0000000082d00000, 0x0000000082d00000|100%| O|  |TAMS 0x0000000082c00000, 0x0000000082c00000| Untracked 
|  45|0x0000000082d00000, 0x0000000082e00000, 0x0000000082e00000|100%|HS|  |TAMS 0x0000000082d00000, 0x0000000082d00000| Complete 
|  46|0x0000000082e00000, 0x0000000082f00000, 0x0000000082f00000|100%|HC|  |TAMS 0x0000000082e00000, 0x0000000082e00000| Complete 
|  47|0x0000000082f00000, 0x0000000083000000, 0x0000000083000000|100%|HC|  |TAMS 0x0000000082f00000, 0x0000000082f00000| Complete 
|  48|0x0000000083000000, 0x0000000083100000, 0x0000000083100000|100%| O|  |TAMS 0x0000000083000000, 0x0000000083000000| Untracked 
|  49|0x0000000083100000, 0x0000000083200000, 0x0000000083200000|100%| O|  |TAMS 0x0000000083100000, 0x0000000083100000| Untracked 
|  50|0x0000000083200000, 0x0000000083300000, 0x0000000083300000|100%| O|  |TAMS 0x0000000083200000, 0x0000000083200000| Untracked 
|  51|0x0000000083300000, 0x0000000083400000, 0x0000000083400000|100%|HS|  |TAMS 0x0000000083300000, 0x0000000083300000| Complete 
|  52|0x0000000083400000, 0x0000000083400000, 0x0000000083500000|  0%| F|  |TAMS 0x0000000083400000, 0x0000000083400000| Untracked 
|  53|0x0000000083500000, 0x0000000083500000, 0x0000000083600000|  0%| F|  |TAMS 0x0000000083500000, 0x0000000083500000| Untracked 
|  54|0x0000000083600000, 0x0000000083700000, 0x0000000083700000|100%| O|  |TAMS 0x0000000083600000, 0x0000000083600000| Untracked 
|  55|0x0000000083700000, 0x000000008373ae00, 0x0000000083800000| 22%| O|  |TAMS 0x0000000083700000, 0x0000000083700000| Untracked 
|  56|0x0000000083800000, 0x0000000083800000, 0x0000000083900000|  0%| F|  |TAMS 0x0000000083800000, 0x0000000083800000| Untracked 
|  57|0x0000000083900000, 0x0000000083900000, 0x0000000083a00000|  0%| F|  |TAMS 0x0000000083900000, 0x0000000083900000| Untracked 
|  58|0x0000000083a00000, 0x0000000083a00000, 0x0000000083b00000|  0%| F|  |TAMS 0x0000000083a00000, 0x0000000083a00000| Untracked 
|  59|0x0000000083b00000, 0x0000000083b00000, 0x0000000083c00000|  0%| F|  |TAMS 0x0000000083b00000, 0x0000000083b00000| Untracked 
|  60|0x0000000083c00000, 0x0000000083c00000, 0x0000000083d00000|  0%| F|  |TAMS 0x0000000083c00000, 0x0000000083c00000| Untracked 
|  61|0x0000000083d00000, 0x0000000083d00000, 0x0000000083e00000|  0%| F|  |TAMS 0x0000000083d00000, 0x0000000083d00000| Untracked 
|  62|0x0000000083e00000, 0x0000000083e00000, 0x0000000083f00000|  0%| F|  |TAMS 0x0000000083e00000, 0x0000000083e00000| Untracked 
|  63|0x0000000083f00000, 0x0000000084000000, 0x0000000084000000|100%|HS|  |TAMS 0x0000000083f00000, 0x0000000083f00000| Complete 
|  64|0x0000000084000000, 0x0000000084100000, 0x0000000084100000|100%|HC|  |TAMS 0x0000000084000000, 0x0000000084000000| Complete 
|  65|0x0000000084100000, 0x0000000084200000, 0x0000000084200000|100%|HC|  |TAMS 0x0000000084100000, 0x0000000084100000| Complete 
|  66|0x0000000084200000, 0x0000000084300000, 0x0000000084300000|100%|HC|  |TAMS 0x0000000084200000, 0x0000000084200000| Complete 
|  67|0x0000000084300000, 0x0000000084300000, 0x0000000084400000|  0%| F|  |TAMS 0x0000000084300000, 0x0000000084300000| Untracked 
|  68|0x0000000084400000, 0x0000000084400000, 0x0000000084500000|  0%| F|  |TAMS 0x0000000084400000, 0x0000000084400000| Untracked 
|  69|0x0000000084500000, 0x0000000084500000, 0x0000000084600000|  0%| F|  |TAMS 0x0000000084500000, 0x0000000084500000| Untracked 
|  70|0x0000000084600000, 0x0000000084600000, 0x0000000084700000|  0%| F|  |TAMS 0x0000000084600000, 0x0000000084600000| Untracked 
|  71|0x0000000084700000, 0x0000000084700000, 0x0000000084800000|  0%| F|  |TAMS 0x0000000084700000, 0x0000000084700000| Untracked 
|  72|0x0000000084800000, 0x0000000084800000, 0x0000000084900000|  0%| F|  |TAMS 0x0000000084800000, 0x0000000084800000| Untracked 
|  73|0x0000000084900000, 0x0000000084900000, 0x0000000084a00000|  0%| F|  |TAMS 0x0000000084900000, 0x0000000084900000| Untracked 
|  74|0x0000000084a00000, 0x0000000084a00000, 0x0000000084b00000|  0%| F|  |TAMS 0x0000000084a00000, 0x0000000084a00000| Untracked 
|  75|0x0000000084b00000, 0x0000000084b00000, 0x0000000084c00000|  0%| F|  |TAMS 0x0000000084b00000, 0x0000000084b00000| Untracked 
|  76|0x0000000084c00000, 0x0000000084c00000, 0x0000000084d00000|  0%| F|  |TAMS 0x0000000084c00000, 0x0000000084c00000| Untracked 
|  77|0x0000000084d00000, 0x0000000084d00000, 0x0000000084e00000|  0%| F|  |TAMS 0x0000000084d00000, 0x0000000084d00000| Untracked 
|  78|0x0000000084e00000, 0x0000000084e00000, 0x0000000084f00000|  0%| F|  |TAMS 0x0000000084e00000, 0x0000000084e00000| Untracked 
|  79|0x0000000084f00000, 0x0000000084f00000, 0x0000000085000000|  0%| F|  |TAMS 0x0000000084f00000, 0x0000000084f00000| Untracked 
|  80|0x0000000085000000, 0x0000000085000000, 0x0000000085100000|  0%| F|  |TAMS 0x0000000085000000, 0x0000000085000000| Untracked 
|  81|0x0000000085100000, 0x0000000085100000, 0x0000000085200000|  0%| F|  |TAMS 0x0000000085100000, 0x0000000085100000| Untracked 
|  82|0x0000000085200000, 0x0000000085200000, 0x0000000085300000|  0%| F|  |TAMS 0x0000000085200000, 0x0000000085200000| Untracked 
|  83|0x0000000085300000, 0x0000000085300000, 0x0000000085400000|  0%| F|  |TAMS 0x0000000085300000, 0x0000000085300000| Untracked 
|  84|0x0000000085400000, 0x0000000085400000, 0x0000000085500000|  0%| F|  |TAMS 0x0000000085400000, 0x0000000085400000| Untracked 
|  85|0x0000000085500000, 0x0000000085500000, 0x0000000085600000|  0%| F|  |TAMS 0x0000000085500000, 0x0000000085500000| Untracked 
|  86|0x0000000085600000, 0x0000000085600000, 0x0000000085700000|  0%| F|  |TAMS 0x0000000085600000, 0x0000000085600000| Untracked 
|  87|0x0000000085700000, 0x0000000085700000, 0x0000000085800000|  0%| F|  |TAMS 0x0000000085700000, 0x0000000085700000| Untracked 
|  88|0x0000000085800000, 0x0000000085800000, 0x0000000085900000|  0%| F|  |TAMS 0x0000000085800000, 0x0000000085800000| Untracked 
|  89|0x0000000085900000, 0x0000000085900000, 0x0000000085a00000|  0%| F|  |TAMS 0x0000000085900000, 0x0000000085900000| Untracked 
|  90|0x0000000085a00000, 0x0000000085a00000, 0x0000000085b00000|  0%| F|  |TAMS 0x0000000085a00000, 0x0000000085a00000| Untracked 
|  91|0x0000000085b00000, 0x0000000085b00000, 0x0000000085c00000|  0%| F|  |TAMS 0x0000000085b00000, 0x0000000085b00000| Untracked 
|  92|0x0000000085c00000, 0x0000000085c00000, 0x0000000085d00000|  0%| F|  |TAMS 0x0000000085c00000, 0x0000000085c00000| Untracked 
|  93|0x0000000085d00000, 0x0000000085d00000, 0x0000000085e00000|  0%| F|  |TAMS 0x0000000085d00000, 0x0000000085d00000| Untracked 
|  94|0x0000000085e00000, 0x0000000085e00000, 0x0000000085f00000|  0%| F|  |TAMS 0x0000000085e00000, 0x0000000085e00000| Untracked 
|  95|0x0000000085f00000, 0x0000000085f00000, 0x0000000086000000|  0%| F|  |TAMS 0x0000000085f00000, 0x0000000085f00000| Untracked 
|  96|0x0000000086000000, 0x0000000086000000, 0x0000000086100000|  0%| F|  |TAMS 0x0000000086000000, 0x0000000086000000| Untracked 
|  97|0x0000000086100000, 0x0000000086100000, 0x0000000086200000|  0%| F|  |TAMS 0x0000000086100000, 0x0000000086100000| Untracked 
|  98|0x0000000086200000, 0x00000000862d0558, 0x0000000086300000| 81%| S|CS|TAMS 0x0000000086200000, 0x0000000086200000| Complete 
|  99|0x0000000086300000, 0x0000000086400000, 0x0000000086400000|100%| S|CS|TAMS 0x0000000086300000, 0x0000000086300000| Complete 
| 100|0x0000000086400000, 0x0000000086400000, 0x0000000086500000|  0%| F|  |TAMS 0x0000000086400000, 0x0000000086400000| Untracked 
| 101|0x0000000086500000, 0x0000000086500000, 0x0000000086600000|  0%| F|  |TAMS 0x0000000086500000, 0x0000000086500000| Untracked 
| 102|0x0000000086600000, 0x0000000086600000, 0x0000000086700000|  0%| F|  |TAMS 0x0000000086600000, 0x0000000086600000| Untracked 
| 103|0x0000000086700000, 0x0000000086700000, 0x0000000086800000|  0%| F|  |TAMS 0x0000000086700000, 0x0000000086700000| Untracked 
| 104|0x0000000086800000, 0x0000000086800000, 0x0000000086900000|  0%| F|  |TAMS 0x0000000086800000, 0x0000000086800000| Untracked 
| 105|0x0000000086900000, 0x0000000086900000, 0x0000000086a00000|  0%| F|  |TAMS 0x0000000086900000, 0x0000000086900000| Untracked 
| 106|0x0000000086a00000, 0x0000000086a00000, 0x0000000086b00000|  0%| F|  |TAMS 0x0000000086a00000, 0x0000000086a00000| Untracked 
| 107|0x0000000086b00000, 0x0000000086b00000, 0x0000000086c00000|  0%| F|  |TAMS 0x0000000086b00000, 0x0000000086b00000| Untracked 
| 108|0x0000000086c00000, 0x0000000086c00000, 0x0000000086d00000|  0%| F|  |TAMS 0x0000000086c00000, 0x0000000086c00000| Untracked 
| 109|0x0000000086d00000, 0x0000000086d00000, 0x0000000086e00000|  0%| F|  |TAMS 0x0000000086d00000, 0x0000000086d00000| Untracked 
| 110|0x0000000086e00000, 0x0000000086e00000, 0x0000000086f00000|  0%| F|  |TAMS 0x0000000086e00000, 0x0000000086e00000| Untracked 
| 111|0x0000000086f00000, 0x0000000086f00000, 0x0000000087000000|  0%| F|  |TAMS 0x0000000086f00000, 0x0000000086f00000| Untracked 
| 112|0x0000000087000000, 0x0000000087000000, 0x0000000087100000|  0%| F|  |TAMS 0x0000000087000000, 0x0000000087000000| Untracked 
| 113|0x0000000087100000, 0x0000000087100000, 0x0000000087200000|  0%| F|  |TAMS 0x0000000087100000, 0x0000000087100000| Untracked 
| 114|0x0000000087200000, 0x0000000087200000, 0x0000000087300000|  0%| F|  |TAMS 0x0000000087200000, 0x0000000087200000| Untracked 
| 115|0x0000000087300000, 0x0000000087300000, 0x0000000087400000|  0%| F|  |TAMS 0x0000000087300000, 0x0000000087300000| Untracked 
| 116|0x0000000087400000, 0x0000000087400000, 0x0000000087500000|  0%| F|  |TAMS 0x0000000087400000, 0x0000000087400000| Untracked 
| 117|0x0000000087500000, 0x0000000087500000, 0x0000000087600000|  0%| F|  |TAMS 0x0000000087500000, 0x0000000087500000| Untracked 
| 118|0x0000000087600000, 0x0000000087600000, 0x0000000087700000|  0%| F|  |TAMS 0x0000000087600000, 0x0000000087600000| Untracked 
| 119|0x0000000087700000, 0x0000000087700000, 0x0000000087800000|  0%| F|  |TAMS 0x0000000087700000, 0x0000000087700000| Untracked 
| 120|0x0000000087800000, 0x0000000087800000, 0x0000000087900000|  0%| F|  |TAMS 0x0000000087800000, 0x0000000087800000| Untracked 
| 121|0x0000000087900000, 0x0000000087900000, 0x0000000087a00000|  0%| F|  |TAMS 0x0000000087900000, 0x0000000087900000| Untracked 
| 122|0x0000000087a00000, 0x0000000087a00000, 0x0000000087b00000|  0%| F|  |TAMS 0x0000000087a00000, 0x0000000087a00000| Untracked 
| 123|0x0000000087b00000, 0x0000000087b00000, 0x0000000087c00000|  0%| F|  |TAMS 0x0000000087b00000, 0x0000000087b00000| Untracked 
| 124|0x0000000087c00000, 0x0000000087c00000, 0x0000000087d00000|  0%| F|  |TAMS 0x0000000087c00000, 0x0000000087c00000| Untracked 
| 125|0x0000000087d00000, 0x0000000087d00000, 0x0000000087e00000|  0%| F|  |TAMS 0x0000000087d00000, 0x0000000087d00000| Untracked 
| 126|0x0000000087e00000, 0x0000000087e00000, 0x0000000087f00000|  0%| F|  |TAMS 0x0000000087e00000, 0x0000000087e00000| Untracked 
| 127|0x0000000087f00000, 0x0000000087f00000, 0x0000000088000000|  0%| F|  |TAMS 0x0000000087f00000, 0x0000000087f00000| Untracked 
| 128|0x0000000088000000, 0x0000000088000000, 0x0000000088100000|  0%| F|  |TAMS 0x0000000088000000, 0x0000000088000000| Untracked 
| 129|0x0000000088100000, 0x0000000088100000, 0x0000000088200000|  0%| F|  |TAMS 0x0000000088100000, 0x0000000088100000| Untracked 
| 130|0x0000000088200000, 0x0000000088200000, 0x0000000088300000|  0%| F|  |TAMS 0x0000000088200000, 0x0000000088200000| Untracked 
| 131|0x0000000088300000, 0x0000000088300000, 0x0000000088400000|  0%| F|  |TAMS 0x0000000088300000, 0x0000000088300000| Untracked 
| 132|0x0000000088400000, 0x0000000088400000, 0x0000000088500000|  0%| F|  |TAMS 0x0000000088400000, 0x0000000088400000| Untracked 
| 133|0x0000000088500000, 0x0000000088500000, 0x0000000088600000|  0%| F|  |TAMS 0x0000000088500000, 0x0000000088500000| Untracked 
| 134|0x0000000088600000, 0x0000000088600000, 0x0000000088700000|  0%| F|  |TAMS 0x0000000088600000, 0x0000000088600000| Untracked 
| 135|0x0000000088700000, 0x0000000088700000, 0x0000000088800000|  0%| F|  |TAMS 0x0000000088700000, 0x0000000088700000| Untracked 
| 136|0x0000000088800000, 0x0000000088800000, 0x0000000088900000|  0%| F|  |TAMS 0x0000000088800000, 0x0000000088800000| Untracked 
| 137|0x0000000088900000, 0x0000000088900000, 0x0000000088a00000|  0%| F|  |TAMS 0x0000000088900000, 0x0000000088900000| Untracked 
| 138|0x0000000088a00000, 0x0000000088a00000, 0x0000000088b00000|  0%| F|  |TAMS 0x0000000088a00000, 0x0000000088a00000| Untracked 
| 139|0x0000000088b00000, 0x0000000088b00000, 0x0000000088c00000|  0%| F|  |TAMS 0x0000000088b00000, 0x0000000088b00000| Untracked 
| 140|0x0000000088c00000, 0x0000000088c00000, 0x0000000088d00000|  0%| F|  |TAMS 0x0000000088c00000, 0x0000000088c00000| Untracked 
| 141|0x0000000088d00000, 0x0000000088d00000, 0x0000000088e00000|  0%| F|  |TAMS 0x0000000088d00000, 0x0000000088d00000| Untracked 
| 142|0x0000000088e00000, 0x0000000088e00000, 0x0000000088f00000|  0%| F|  |TAMS 0x0000000088e00000, 0x0000000088e00000| Untracked 
| 143|0x0000000088f00000, 0x0000000088f00000, 0x0000000089000000|  0%| F|  |TAMS 0x0000000088f00000, 0x0000000088f00000| Untracked 
| 144|0x0000000089000000, 0x0000000089000000, 0x0000000089100000|  0%| F|  |TAMS 0x0000000089000000, 0x0000000089000000| Untracked 
| 145|0x0000000089100000, 0x0000000089100000, 0x0000000089200000|  0%| F|  |TAMS 0x0000000089100000, 0x0000000089100000| Untracked 
| 146|0x0000000089200000, 0x0000000089200000, 0x0000000089300000|  0%| F|  |TAMS 0x0000000089200000, 0x0000000089200000| Untracked 
| 147|0x0000000089300000, 0x0000000089300000, 0x0000000089400000|  0%| F|  |TAMS 0x0000000089300000, 0x0000000089300000| Untracked 
| 148|0x0000000089400000, 0x0000000089400000, 0x0000000089500000|  0%| F|  |TAMS 0x0000000089400000, 0x0000000089400000| Untracked 
| 149|0x0000000089500000, 0x0000000089500000, 0x0000000089600000|  0%| F|  |TAMS 0x0000000089500000, 0x0000000089500000| Untracked 
| 150|0x0000000089600000, 0x0000000089600000, 0x0000000089700000|  0%| F|  |TAMS 0x0000000089600000, 0x0000000089600000| Untracked 
| 151|0x0000000089700000, 0x0000000089700000, 0x0000000089800000|  0%| F|  |TAMS 0x0000000089700000, 0x0000000089700000| Untracked 
| 152|0x0000000089800000, 0x0000000089800000, 0x0000000089900000|  0%| F|  |TAMS 0x0000000089800000, 0x0000000089800000| Untracked 
| 153|0x0000000089900000, 0x0000000089900000, 0x0000000089a00000|  0%| F|  |TAMS 0x0000000089900000, 0x0000000089900000| Untracked 
| 154|0x0000000089a00000, 0x0000000089a00000, 0x0000000089b00000|  0%| F|  |TAMS 0x0000000089a00000, 0x0000000089a00000| Untracked 
| 155|0x0000000089b00000, 0x0000000089b00000, 0x0000000089c00000|  0%| F|  |TAMS 0x0000000089b00000, 0x0000000089b00000| Untracked 
| 156|0x0000000089c00000, 0x0000000089c00000, 0x0000000089d00000|  0%| F|  |TAMS 0x0000000089c00000, 0x0000000089c00000| Untracked 
| 157|0x0000000089d00000, 0x0000000089d00000, 0x0000000089e00000|  0%| F|  |TAMS 0x0000000089d00000, 0x0000000089d00000| Untracked 
| 158|0x0000000089e00000, 0x0000000089e00000, 0x0000000089f00000|  0%| F|  |TAMS 0x0000000089e00000, 0x0000000089e00000| Untracked 
| 159|0x0000000089f00000, 0x0000000089f00000, 0x000000008a000000|  0%| F|  |TAMS 0x0000000089f00000, 0x0000000089f00000| Untracked 
| 160|0x000000008a000000, 0x000000008a000000, 0x000000008a100000|  0%| F|  |TAMS 0x000000008a000000, 0x000000008a000000| Untracked 
| 161|0x000000008a100000, 0x000000008a100000, 0x000000008a200000|  0%| F|  |TAMS 0x000000008a100000, 0x000000008a100000| Untracked 
| 162|0x000000008a200000, 0x000000008a200000, 0x000000008a300000|  0%| F|  |TAMS 0x000000008a200000, 0x000000008a200000| Untracked 
| 163|0x000000008a300000, 0x000000008a300000, 0x000000008a400000|  0%| F|  |TAMS 0x000000008a300000, 0x000000008a300000| Untracked 
| 164|0x000000008a400000, 0x000000008a400000, 0x000000008a500000|  0%| F|  |TAMS 0x000000008a400000, 0x000000008a400000| Untracked 
| 165|0x000000008a500000, 0x000000008a500000, 0x000000008a600000|  0%| F|  |TAMS 0x000000008a500000, 0x000000008a500000| Untracked 
| 166|0x000000008a600000, 0x000000008a600000, 0x000000008a700000|  0%| F|  |TAMS 0x000000008a600000, 0x000000008a600000| Untracked 
| 167|0x000000008a700000, 0x000000008a700000, 0x000000008a800000|  0%| F|  |TAMS 0x000000008a700000, 0x000000008a700000| Untracked 
| 168|0x000000008a800000, 0x000000008a800000, 0x000000008a900000|  0%| F|  |TAMS 0x000000008a800000, 0x000000008a800000| Untracked 
| 169|0x000000008a900000, 0x000000008a900000, 0x000000008aa00000|  0%| F|  |TAMS 0x000000008a900000, 0x000000008a900000| Untracked 
| 170|0x000000008aa00000, 0x000000008aa00000, 0x000000008ab00000|  0%| F|  |TAMS 0x000000008aa00000, 0x000000008aa00000| Untracked 
| 171|0x000000008ab00000, 0x000000008ab00000, 0x000000008ac00000|  0%| F|  |TAMS 0x000000008ab00000, 0x000000008ab00000| Untracked 
| 172|0x000000008ac00000, 0x000000008ac00000, 0x000000008ad00000|  0%| F|  |TAMS 0x000000008ac00000, 0x000000008ac00000| Untracked 
| 173|0x000000008ad00000, 0x000000008ad00000, 0x000000008ae00000|  0%| F|  |TAMS 0x000000008ad00000, 0x000000008ad00000| Untracked 
| 174|0x000000008ae00000, 0x000000008ae00000, 0x000000008af00000|  0%| F|  |TAMS 0x000000008ae00000, 0x000000008ae00000| Untracked 
| 175|0x000000008af00000, 0x000000008af00000, 0x000000008b000000|  0%| F|  |TAMS 0x000000008af00000, 0x000000008af00000| Untracked 
| 176|0x000000008b000000, 0x000000008b000000, 0x000000008b100000|  0%| F|  |TAMS 0x000000008b000000, 0x000000008b000000| Untracked 
| 177|0x000000008b100000, 0x000000008b100000, 0x000000008b200000|  0%| F|  |TAMS 0x000000008b100000, 0x000000008b100000| Untracked 
| 178|0x000000008b200000, 0x000000008b200000, 0x000000008b300000|  0%| F|  |TAMS 0x000000008b200000, 0x000000008b200000| Untracked 
| 179|0x000000008b300000, 0x000000008b300000, 0x000000008b400000|  0%| F|  |TAMS 0x000000008b300000, 0x000000008b300000| Untracked 
| 180|0x000000008b400000, 0x000000008b400000, 0x000000008b500000|  0%| F|  |TAMS 0x000000008b400000, 0x000000008b400000| Untracked 
| 181|0x000000008b500000, 0x000000008b500000, 0x000000008b600000|  0%| F|  |TAMS 0x000000008b500000, 0x000000008b500000| Untracked 
| 182|0x000000008b600000, 0x000000008b600000, 0x000000008b700000|  0%| F|  |TAMS 0x000000008b600000, 0x000000008b600000| Untracked 
| 183|0x000000008b700000, 0x000000008b700000, 0x000000008b800000|  0%| F|  |TAMS 0x000000008b700000, 0x000000008b700000| Untracked 
| 184|0x000000008b800000, 0x000000008b800000, 0x000000008b900000|  0%| F|  |TAMS 0x000000008b800000, 0x000000008b800000| Untracked 
| 185|0x000000008b900000, 0x000000008b900000, 0x000000008ba00000|  0%| F|  |TAMS 0x000000008b900000, 0x000000008b900000| Untracked 
| 186|0x000000008ba00000, 0x000000008ba00000, 0x000000008bb00000|  0%| F|  |TAMS 0x000000008ba00000, 0x000000008ba00000| Untracked 
| 187|0x000000008bb00000, 0x000000008bb00000, 0x000000008bc00000|  0%| F|  |TAMS 0x000000008bb00000, 0x000000008bb00000| Untracked 
| 188|0x000000008bc00000, 0x000000008bd00000, 0x000000008bd00000|100%| E|  |TAMS 0x000000008bc00000, 0x000000008bc00000| Complete 
| 189|0x000000008bd00000, 0x000000008be00000, 0x000000008be00000|100%| E|CS|TAMS 0x000000008bd00000, 0x000000008bd00000| Complete 
| 190|0x000000008be00000, 0x000000008bf00000, 0x000000008bf00000|100%| E|CS|TAMS 0x000000008be00000, 0x000000008be00000| Complete 
| 191|0x000000008bf00000, 0x000000008c000000, 0x000000008c000000|100%| E|CS|TAMS 0x000000008bf00000, 0x000000008bf00000| Complete 
| 192|0x000000008c000000, 0x000000008c100000, 0x000000008c100000|100%| E|CS|TAMS 0x000000008c000000, 0x000000008c000000| Complete 
| 193|0x000000008c100000, 0x000000008c200000, 0x000000008c200000|100%| E|CS|TAMS 0x000000008c100000, 0x000000008c100000| Complete 
| 194|0x000000008c200000, 0x000000008c300000, 0x000000008c300000|100%| E|CS|TAMS 0x000000008c200000, 0x000000008c200000| Complete 
| 195|0x000000008c300000, 0x000000008c400000, 0x000000008c400000|100%| E|CS|TAMS 0x000000008c300000, 0x000000008c300000| Complete 
| 196|0x000000008c400000, 0x000000008c500000, 0x000000008c500000|100%| E|CS|TAMS 0x000000008c400000, 0x000000008c400000| Complete 
| 197|0x000000008c500000, 0x000000008c600000, 0x000000008c600000|100%| E|CS|TAMS 0x000000008c500000, 0x000000008c500000| Complete 
| 198|0x000000008c600000, 0x000000008c700000, 0x000000008c700000|100%| E|CS|TAMS 0x000000008c600000, 0x000000008c600000| Complete 
| 199|0x000000008c700000, 0x000000008c800000, 0x000000008c800000|100%| E|CS|TAMS 0x000000008c700000, 0x000000008c700000| Complete 
| 200|0x000000008c800000, 0x000000008c900000, 0x000000008c900000|100%| E|CS|TAMS 0x000000008c800000, 0x000000008c800000| Complete 
| 201|0x000000008c900000, 0x000000008ca00000, 0x000000008ca00000|100%| E|CS|TAMS 0x000000008c900000, 0x000000008c900000| Complete 
| 202|0x000000008ca00000, 0x000000008cb00000, 0x000000008cb00000|100%| E|CS|TAMS 0x000000008ca00000, 0x000000008ca00000| Complete 
| 203|0x000000008cb00000, 0x000000008cc00000, 0x000000008cc00000|100%| E|CS|TAMS 0x000000008cb00000, 0x000000008cb00000| Complete 
| 204|0x000000008cc00000, 0x000000008cd00000, 0x000000008cd00000|100%| E|CS|TAMS 0x000000008cc00000, 0x000000008cc00000| Complete 
| 205|0x000000008cd00000, 0x000000008ce00000, 0x000000008ce00000|100%| E|CS|TAMS 0x000000008cd00000, 0x000000008cd00000| Complete 
| 206|0x000000008ce00000, 0x000000008cf00000, 0x000000008cf00000|100%| E|CS|TAMS 0x000000008ce00000, 0x000000008ce00000| Complete 
| 207|0x000000008cf00000, 0x000000008d000000, 0x000000008d000000|100%| E|CS|TAMS 0x000000008cf00000, 0x000000008cf00000| Complete 
| 208|0x000000008d000000, 0x000000008d100000, 0x000000008d100000|100%| E|CS|TAMS 0x000000008d000000, 0x000000008d000000| Complete 
| 209|0x000000008d100000, 0x000000008d200000, 0x000000008d200000|100%| E|CS|TAMS 0x000000008d100000, 0x000000008d100000| Complete 
| 210|0x000000008d200000, 0x000000008d300000, 0x000000008d300000|100%| E|CS|TAMS 0x000000008d200000, 0x000000008d200000| Complete 
| 211|0x000000008d300000, 0x000000008d400000, 0x000000008d400000|100%| E|CS|TAMS 0x000000008d300000, 0x000000008d300000| Complete 
| 212|0x000000008d400000, 0x000000008d500000, 0x000000008d500000|100%| E|CS|TAMS 0x000000008d400000, 0x000000008d400000| Complete 
| 213|0x000000008d500000, 0x000000008d600000, 0x000000008d600000|100%| E|CS|TAMS 0x000000008d500000, 0x000000008d500000| Complete 
| 214|0x000000008d600000, 0x000000008d700000, 0x000000008d700000|100%| E|CS|TAMS 0x000000008d600000, 0x000000008d600000| Complete 
| 215|0x000000008d700000, 0x000000008d800000, 0x000000008d800000|100%| E|CS|TAMS 0x000000008d700000, 0x000000008d700000| Complete 
| 216|0x000000008d800000, 0x000000008d900000, 0x000000008d900000|100%| E|CS|TAMS 0x000000008d800000, 0x000000008d800000| Complete 
| 217|0x000000008d900000, 0x000000008da00000, 0x000000008da00000|100%| E|CS|TAMS 0x000000008d900000, 0x000000008d900000| Complete 
| 218|0x000000008da00000, 0x000000008db00000, 0x000000008db00000|100%| E|CS|TAMS 0x000000008da00000, 0x000000008da00000| Complete 
| 219|0x000000008db00000, 0x000000008dc00000, 0x000000008dc00000|100%| E|CS|TAMS 0x000000008db00000, 0x000000008db00000| Complete 
| 220|0x000000008dc00000, 0x000000008dd00000, 0x000000008dd00000|100%| E|CS|TAMS 0x000000008dc00000, 0x000000008dc00000| Complete 
| 221|0x000000008dd00000, 0x000000008de00000, 0x000000008de00000|100%| E|CS|TAMS 0x000000008dd00000, 0x000000008dd00000| Complete 
| 222|0x000000008de00000, 0x000000008df00000, 0x000000008df00000|100%| E|CS|TAMS 0x000000008de00000, 0x000000008de00000| Complete 
| 223|0x000000008df00000, 0x000000008e000000, 0x000000008e000000|100%| E|CS|TAMS 0x000000008df00000, 0x000000008df00000| Complete 
| 224|0x000000008e000000, 0x000000008e100000, 0x000000008e100000|100%| E|CS|TAMS 0x000000008e000000, 0x000000008e000000| Complete 
| 225|0x000000008e100000, 0x000000008e200000, 0x000000008e200000|100%| E|CS|TAMS 0x000000008e100000, 0x000000008e100000| Complete 
| 226|0x000000008e200000, 0x000000008e300000, 0x000000008e300000|100%| E|CS|TAMS 0x000000008e200000, 0x000000008e200000| Complete 
| 227|0x000000008e300000, 0x000000008e400000, 0x000000008e400000|100%| E|CS|TAMS 0x000000008e300000, 0x000000008e300000| Complete 
| 228|0x000000008e400000, 0x000000008e500000, 0x000000008e500000|100%| E|CS|TAMS 0x000000008e400000, 0x000000008e400000| Complete 
| 229|0x000000008e500000, 0x000000008e600000, 0x000000008e600000|100%| E|CS|TAMS 0x000000008e500000, 0x000000008e500000| Complete 
| 230|0x000000008e600000, 0x000000008e700000, 0x000000008e700000|100%| E|CS|TAMS 0x000000008e600000, 0x000000008e600000| Complete 
| 231|0x000000008e700000, 0x000000008e800000, 0x000000008e800000|100%| E|CS|TAMS 0x000000008e700000, 0x000000008e700000| Complete 
| 232|0x000000008e800000, 0x000000008e900000, 0x000000008e900000|100%| E|CS|TAMS 0x000000008e800000, 0x000000008e800000| Complete 
| 233|0x000000008e900000, 0x000000008ea00000, 0x000000008ea00000|100%| E|CS|TAMS 0x000000008e900000, 0x000000008e900000| Complete 
| 234|0x000000008ea00000, 0x000000008eb00000, 0x000000008eb00000|100%| E|CS|TAMS 0x000000008ea00000, 0x000000008ea00000| Complete 
| 235|0x000000008eb00000, 0x000000008ec00000, 0x000000008ec00000|100%| E|CS|TAMS 0x000000008eb00000, 0x000000008eb00000| Complete 
| 236|0x000000008ec00000, 0x000000008ed00000, 0x000000008ed00000|100%| E|CS|TAMS 0x000000008ec00000, 0x000000008ec00000| Complete 
| 251|0x000000008fb00000, 0x000000008fc00000, 0x000000008fc00000|100%| E|CS|TAMS 0x000000008fb00000, 0x000000008fb00000| Complete 

Card table byte_map: [0x000001d5746a0000,0x000001d574aa0000] _byte_map_base: 0x000001d5742a0000

Marking Bits (Prev, Next): (CMBitMap*) 0x000001d561afa690, (CMBitMap*) 0x000001d561afa6d0
 Prev Bits: [0x000001d574ea0000, 0x000001d576ea0000)
 Next Bits: [0x000001d576ea0000, 0x000001d578ea0000)

Polling page: 0x000001d561250000

Metaspace:

Usage:
  Non-class:     48.41 MB used.
      Class:      7.31 MB used.
       Both:     55.71 MB used.

Virtual space:
  Non-class space:       64.00 MB reserved,      48.69 MB ( 76%) committed,  1 nodes.
      Class space:        1.00 GB reserved,       7.56 MB ( <1%) committed,  1 nodes.
             Both:        1.06 GB reserved,      56.25 MB (  5%) committed. 

Chunk freelists:
   Non-Class:  14.83 MB
       Class:  8.48 MB
        Both:  23.31 MB

MaxMetaspaceSize: unlimited
CompressedClassSpaceSize: 1.00 GB
Initial GC threshold: 21.00 MB
Current GC threshold: 57.62 MB
CDS: off
MetaspaceReclaimPolicy: balanced
 - commit_granule_bytes: 65536.
 - commit_granule_words: 8192.
 - virtual_space_node_default_size: 8388608.
 - enlarge_chunks_in_place: 1.
 - new_chunks_are_fully_committed: 0.
 - uncommit_free_chunks: 1.
 - use_allocation_guard: 0.
 - handle_deallocations: 1.


Internal statistics:

num_allocs_failed_limit: 3.
num_arena_births: 598.
num_arena_deaths: 0.
num_vsnodes_births: 2.
num_vsnodes_deaths: 0.
num_space_committed: 900.
num_space_uncommitted: 0.
num_chunks_returned_to_freelist: 3.
num_chunks_taken_from_freelist: 2430.
num_chunk_merges: 3.
num_chunk_splits: 1619.
num_chunks_enlarged: 1153.
num_inconsistent_stats: 0.

CodeHeap 'non-profiled nmethods': size=120000Kb used=5732Kb max_used=5732Kb free=114267Kb
 bounds [0x000001d56ca40000, 0x000001d56cfe0000, 0x000001d573f70000]
CodeHeap 'profiled nmethods': size=120000Kb used=11235Kb max_used=11235Kb free=108765Kb
 bounds [0x000001d564f70000, 0x000001d565a70000, 0x000001d56c4a0000]
CodeHeap 'non-nmethods': size=5760Kb used=2329Kb max_used=2416Kb free=3430Kb
 bounds [0x000001d56c4a0000, 0x000001d56c710000, 0x000001d56ca40000]
 total_blobs=6718 nmethods=5882 adapters=748
 compilation: enabled
              stopped_count=0, restarted_count=0
 full_count=0

Compilation events (20 events):
Event: 19.634 Thread 0x000001d57ba89670 7403       3       com.google.common.cache.LocalCache$Segment::expireEntries (113 bytes)
Event: 19.635 Thread 0x000001d57ba89670 nmethod 7403 0x000001d565a63290 code [0x000001d565a63520, 0x000001d565a640c8]
Event: 19.635 Thread 0x000001d57ba89670 7408   !   3       com.google.common.cache.LocalCache::processPendingNotifications (47 bytes)
Event: 19.635 Thread 0x000001d57ba89670 nmethod 7408 0x000001d565a64490 code [0x000001d565a64680, 0x000001d565a64ca8]
Event: 19.635 Thread 0x000001d57ba89670 7405       3       org.gradle.cache.internal.btree.CachingBlockStore::read (56 bytes)
Event: 19.637 Thread 0x000001d57ba89670 nmethod 7405 0x000001d565a64e90 code [0x000001d565a65180, 0x000001d565a66368]
Event: 19.637 Thread 0x000001d57ba89670 7406       3       org.gradle.cache.internal.btree.CachingBlockStore::maybeGetFromCache (31 bytes)
Event: 19.638 Thread 0x000001d57ba89670 nmethod 7406 0x000001d565a66990 code [0x000001d565a66ba0, 0x000001d565a67258]
Event: 19.638 Thread 0x000001d57ba89670 7404       3       java.util.Collections::binarySearch (31 bytes)
Event: 19.638 Thread 0x000001d57ba89670 nmethod 7404 0x000001d565a67490 code [0x000001d565a67660, 0x000001d565a67a28]
Event: 19.638 Thread 0x000001d57ba89670 7407       1       org.gradle.cache.internal.btree.BTreePersistentIndexedCache$DataBlock::getType (3 bytes)
Event: 19.638 Thread 0x000001d57ba89670 nmethod 7407 0x000001d56cfd8310 code [0x000001d56cfd84a0, 0x000001d56cfd8578]
Event: 19.642 Thread 0x000001d57ba89670 7409       1       com.google.common.base.Suppliers$SupplierOfInstance::get (5 bytes)
Event: 19.642 Thread 0x000001d57ba89670 nmethod 7409 0x000001d56cfd8610 code [0x000001d56cfd87a0, 0x000001d56cfd8878]
Event: 19.648 Thread 0x000001d57ba89670 7410       3       com.esotericsoftware.kryo.io.Input::readUtf8Length (139 bytes)
Event: 19.649 Thread 0x000001d57ba89670 nmethod 7410 0x000001d565a67b10 code [0x000001d565a67cc0, 0x000001d565a68038]
Event: 19.650 Thread 0x000001d57ba89670 7411   !   3       com.google.common.collect.MapMakerInternalMap$Segment::runLockedCleanup (34 bytes)
Event: 19.650 Thread 0x000001d57ba89670 nmethod 7411 0x000001d565a68190 code [0x000001d565a683c0, 0x000001d565a68c38]
Event: 19.687 Thread 0x000001d57ba89670 7412       3       java.lang.Math::max (12 bytes)
Event: 19.687 Thread 0x000001d57ba89670 nmethod 7412 0x000001d565a68f10 code [0x000001d565a690a0, 0x000001d565a691d8]

GC Heap History (20 events):
Event: 14.995 GC heap before
{Heap before GC invocations=38 (full 0):
 garbage-first heap   total 202752K, used 171967K [0x0000000080000000, 0x0000000100000000)
  region size 1024K, 118 young (120832K), 8 survivors (8192K)
 Metaspace       used 52721K, committed 53184K, reserved 1114112K
  class space    used 6969K, committed 7168K, reserved 1048576K
}
Event: 15.002 GC heap after
{Heap after GC invocations=39 (full 0):
 garbage-first heap   total 202752K, used 60505K [0x0000000080000000, 0x0000000100000000)
  region size 1024K, 9 young (9216K), 9 survivors (9216K)
 Metaspace       used 52721K, committed 53184K, reserved 1114112K
  class space    used 6969K, committed 7168K, reserved 1048576K
}
Event: 15.747 GC heap before
{Heap before GC invocations=39 (full 0):
 garbage-first heap   total 202752K, used 172121K [0x0000000080000000, 0x0000000100000000)
  region size 1024K, 118 young (120832K), 9 survivors (9216K)
 Metaspace       used 52721K, committed 53184K, reserved 1114112K
  class space    used 6969K, committed 7168K, reserved 1048576K
}
Event: 15.756 GC heap after
{Heap after GC invocations=40 (full 0):
 garbage-first heap   total 202752K, used 61114K [0x0000000080000000, 0x0000000100000000)
  region size 1024K, 9 young (9216K), 9 survivors (9216K)
 Metaspace       used 52721K, committed 53184K, reserved 1114112K
  class space    used 6969K, committed 7168K, reserved 1048576K
}
Event: 16.339 GC heap before
{Heap before GC invocations=40 (full 0):
 garbage-first heap   total 202752K, used 172730K [0x0000000080000000, 0x0000000100000000)
  region size 1024K, 118 young (120832K), 9 survivors (9216K)
 Metaspace       used 52723K, committed 53184K, reserved 1114112K
  class space    used 6969K, committed 7168K, reserved 1048576K
}
Event: 16.346 GC heap after
{Heap after GC invocations=41 (full 0):
 garbage-first heap   total 202752K, used 62504K [0x0000000080000000, 0x0000000100000000)
  region size 1024K, 8 young (8192K), 8 survivors (8192K)
 Metaspace       used 52723K, committed 53184K, reserved 1114112K
  class space    used 6969K, committed 7168K, reserved 1048576K
}
Event: 16.624 GC heap before
{Heap before GC invocations=41 (full 0):
 garbage-first heap   total 202752K, used 173096K [0x0000000080000000, 0x0000000100000000)
  region size 1024K, 116 young (118784K), 8 survivors (8192K)
 Metaspace       used 52723K, committed 53184K, reserved 1114112K
  class space    used 6969K, committed 7168K, reserved 1048576K
}
Event: 16.630 GC heap after
{Heap after GC invocations=42 (full 0):
 garbage-first heap   total 202752K, used 63312K [0x0000000080000000, 0x0000000100000000)
  region size 1024K, 9 young (9216K), 9 survivors (9216K)
 Metaspace       used 52723K, committed 53184K, reserved 1114112K
  class space    used 6969K, committed 7168K, reserved 1048576K
}
Event: 16.827 GC heap before
{Heap before GC invocations=42 (full 0):
 garbage-first heap   total 202752K, used 171856K [0x0000000080000000, 0x0000000100000000)
  region size 1024K, 115 young (117760K), 9 survivors (9216K)
 Metaspace       used 52723K, committed 53184K, reserved 1114112K
  class space    used 6969K, committed 7168K, reserved 1048576K
}
Event: 16.833 GC heap after
{Heap after GC invocations=43 (full 0):
 garbage-first heap   total 243712K, used 64804K [0x0000000080000000, 0x0000000100000000)
  region size 1024K, 9 young (9216K), 9 survivors (9216K)
 Metaspace       used 52723K, committed 53184K, reserved 1114112K
  class space    used 6969K, committed 7168K, reserved 1048576K
}
Event: 17.097 GC heap before
{Heap before GC invocations=43 (full 0):
 garbage-first heap   total 243712K, used 200996K [0x0000000080000000, 0x0000000100000000)
  region size 1024K, 142 young (145408K), 9 survivors (9216K)
 Metaspace       used 52723K, committed 53184K, reserved 1114112K
  class space    used 6969K, committed 7168K, reserved 1048576K
}
Event: 17.103 GC heap after
{Heap after GC invocations=44 (full 0):
 garbage-first heap   total 243712K, used 66014K [0x0000000080000000, 0x0000000100000000)
  region size 1024K, 10 young (10240K), 10 survivors (10240K)
 Metaspace       used 52723K, committed 53184K, reserved 1114112K
  class space    used 6969K, committed 7168K, reserved 1048576K
}
Event: 17.333 GC heap before
{Heap before GC invocations=44 (full 0):
 garbage-first heap   total 243712K, used 202206K [0x0000000080000000, 0x0000000100000000)
  region size 1024K, 142 young (145408K), 10 survivors (10240K)
 Metaspace       used 52724K, committed 53184K, reserved 1114112K
  class space    used 6969K, committed 7168K, reserved 1048576K
}
Event: 17.339 GC heap after
{Heap after GC invocations=45 (full 0):
 garbage-first heap   total 243712K, used 67695K [0x0000000080000000, 0x0000000100000000)
  region size 1024K, 11 young (11264K), 11 survivors (11264K)
 Metaspace       used 52724K, committed 53184K, reserved 1114112K
  class space    used 6969K, committed 7168K, reserved 1048576K
}
Event: 18.091 GC heap before
{Heap before GC invocations=45 (full 0):
 garbage-first heap   total 243712K, used 209007K [0x0000000080000000, 0x0000000100000000)
  region size 1024K, 142 young (145408K), 11 survivors (11264K)
 Metaspace       used 52740K, committed 53184K, reserved 1114112K
  class space    used 6969K, committed 7168K, reserved 1048576K
}
Event: 18.093 GC heap after
{Heap after GC invocations=46 (full 0):
 garbage-first heap   total 243712K, used 59602K [0x0000000080000000, 0x0000000100000000)
  region size 1024K, 2 young (2048K), 2 survivors (2048K)
 Metaspace       used 52740K, committed 53184K, reserved 1114112K
  class space    used 6969K, committed 7168K, reserved 1048576K
}
Event: 18.381 GC heap before
{Heap before GC invocations=46 (full 0):
 garbage-first heap   total 243712K, used 202962K [0x0000000080000000, 0x0000000100000000)
  region size 1024K, 142 young (145408K), 2 survivors (2048K)
 Metaspace       used 52740K, committed 53184K, reserved 1114112K
  class space    used 6969K, committed 7168K, reserved 1048576K
}
Event: 18.383 GC heap after
{Heap after GC invocations=47 (full 0):
 garbage-first heap   total 243712K, used 61147K [0x0000000080000000, 0x0000000100000000)
  region size 1024K, 4 young (4096K), 4 survivors (4096K)
 Metaspace       used 52740K, committed 53184K, reserved 1114112K
  class space    used 6969K, committed 7168K, reserved 1048576K
}
Event: 18.826 GC heap before
{Heap before GC invocations=47 (full 0):
 garbage-first heap   total 243712K, used 206555K [0x0000000080000000, 0x0000000100000000)
  region size 1024K, 142 young (145408K), 4 survivors (4096K)
 Metaspace       used 52839K, committed 53248K, reserved 1114112K
  class space    used 6973K, committed 7168K, reserved 1048576K
}
Event: 18.828 GC heap after
{Heap after GC invocations=48 (full 0):
 garbage-first heap   total 243712K, used 59436K [0x0000000080000000, 0x0000000100000000)
  region size 1024K, 2 young (2048K), 2 survivors (2048K)
 Metaspace       used 52839K, committed 53248K, reserved 1114112K
  class space    used 6973K, committed 7168K, reserved 1048576K
}

Dll operation events (2 events):
Event: 0.006 Loaded shared library C:\Program Files\Android\Android Studio\jbr\bin\java.dll
Event: 0.372 Loaded shared library C:\Program Files\Android\Android Studio\jbr\bin\verify.dll

Deoptimization events (20 events):
Event: 19.363 Thread 0x000001d5057ba030 Uncommon trap: trap_request=0xffffff45 fr.pc=0x000001d56cdcef0c relative=0x0000000000002bec
Event: 19.363 Thread 0x000001d5057ba030 Uncommon trap: reason=unstable_if action=reinterpret pc=0x000001d56cdcef0c method=org.objectweb.asm.ClassWriter.visit(IILjava/lang/String;Ljava/lang/String;Ljava/lang/String;[Ljava/lang/String;)V @ 142 c2
Event: 19.364 Thread 0x000001d5057ba030 DEOPT PACKING pc=0x000001d56cdcef0c sp=0x00000080229f9e70
Event: 19.364 Thread 0x000001d5057ba030 DEOPT UNPACKING pc=0x000001d56c4fa1a3 sp=0x00000080229f9df0 mode 2
Event: 19.364 Thread 0x000001d5057ba030 Uncommon trap: trap_request=0xffffff45 fr.pc=0x000001d56ce53318 relative=0x0000000000000cb8
Event: 19.364 Thread 0x000001d5057ba030 Uncommon trap: reason=unstable_if action=reinterpret pc=0x000001d56ce53318 method=org.objectweb.asm.MethodWriter.visitLdcInsn(Ljava/lang/Object;)V @ 144 c2
Event: 19.364 Thread 0x000001d5057ba030 DEOPT PACKING pc=0x000001d56ce53318 sp=0x00000080229f9b80
Event: 19.364 Thread 0x000001d5057ba030 DEOPT UNPACKING pc=0x000001d56c4fa1a3 sp=0x00000080229f9b40 mode 2
Event: 19.364 Thread 0x000001d5057ba030 Uncommon trap: trap_request=0xffffff45 fr.pc=0x000001d56cd34cb4 relative=0x0000000000001714
Event: 19.364 Thread 0x000001d5057ba030 Uncommon trap: reason=unstable_if action=reinterpret pc=0x000001d56cd34cb4 method=org.objectweb.asm.MethodWriter.visitTypeInsn(ILjava/lang/String;)V @ 45 c2
Event: 19.364 Thread 0x000001d5057ba030 DEOPT PACKING pc=0x000001d56cd34cb4 sp=0x00000080229f9720
Event: 19.364 Thread 0x000001d5057ba030 DEOPT UNPACKING pc=0x000001d56c4fa1a3 sp=0x00000080229f96a8 mode 2
Event: 19.637 Thread 0x000001d5057ba030 Uncommon trap: trap_request=0xffffff76 fr.pc=0x000001d56cfa6dc0 relative=0x0000000000000a60
Event: 19.638 Thread 0x000001d5057ba030 Uncommon trap: reason=predicate action=maybe_recompile pc=0x000001d56cfa6dc0 method=java.util.TimSort.binarySort([Ljava/lang/Object;IIILjava/util/Comparator;)V @ 34 c2
Event: 19.638 Thread 0x000001d5057ba030 DEOPT PACKING pc=0x000001d56cfa6dc0 sp=0x00000080229f9330
Event: 19.638 Thread 0x000001d5057ba030 DEOPT UNPACKING pc=0x000001d56c4fa1a3 sp=0x00000080229f92e0 mode 2
Event: 19.641 Thread 0x000001d5057ba030 Uncommon trap: trap_request=0xffffff45 fr.pc=0x000001d56ceb2af8 relative=0x0000000000000078
Event: 19.641 Thread 0x000001d5057ba030 Uncommon trap: reason=unstable_if action=reinterpret pc=0x000001d56ceb2af8 method=java.util.Optional.flatMap(Ljava/util/function/Function;)Ljava/util/Optional; @ 9 c2
Event: 19.641 Thread 0x000001d5057ba030 DEOPT PACKING pc=0x000001d56ceb2af8 sp=0x00000080229f9160
Event: 19.641 Thread 0x000001d5057ba030 DEOPT UNPACKING pc=0x000001d56c4fa1a3 sp=0x00000080229f9108 mode 2

Classes unloaded (0 events):
No events

Classes redefined (0 events):
No events

Internal exceptions (20 events):
Event: 19.282 Thread 0x000001d5057ba030 Exception <a 'java/lang/ClassNotFoundException'{0x000000008d78d6e0}: org/jetbrains/plugins/gradle/tooling/builder/DependencyAccessorsModelBuilderBeanInfo> (0x000000008d78d6e0) 
thrown [s\src\hotspot\share\classfile\systemDictionary.cpp, line 256]
Event: 19.282 Thread 0x000001d5057ba030 Exception <a 'java/lang/ClassNotFoundException'{0x000000008d798c38}: org/jetbrains/plugins/gradle/tooling/builder/DependencyAccessorsModelBuilderCustomizer> (0x000000008d798c38) 
thrown [s\src\hotspot\share\classfile\systemDictionary.cpp, line 256]
Event: 19.376 Thread 0x000001d5057ba030 Exception <a 'java/lang/NoSuchMethodError'{0x000000008d216110}: 'java.lang.Object java.lang.invoke.DirectMethodHandle$Holder.newInvokeSpecial(java.lang.Object, java.lang.Object, int, int)'> (0x000000008d216110) 
thrown [s\src\hotspot\share\interpreter\linkResolver.cpp, line 771]
Event: 19.386 Thread 0x000001d5057ba030 Exception <a 'java/lang/NoSuchMethodError'{0x000000008d26b340}: 'java.lang.Object java.lang.invoke.DirectMethodHandle$Holder.invokeSpecial(java.lang.Object, java.lang.Object, java.lang.Object, java.lang.Object, java.lang.Object, java.lang.Object, java.lang.Object, java.lang.Object, java.lang.Object, java.lang.Object)'> (0x000000008d26b340) 
thrown [s\src\hotspot\share\interpreter\linkResolver.cpp, line 771]
Event: 19.387 Thread 0x000001d5057ba030 Exception <a 'java/lang/NoSuchMethodError'{0x000000008d2741c0}: 'java.lang.Object java.lang.invoke.Invokers$Holder.invoker(java.lang.Object, java.lang.Object, java.lang.Object, java.lang.Object, java.lang.Object, java.lang.Object, java.lang.Object, java.lang.Object, java.lang.Object)'> (0x000000008d2741c0) 
thrown [s\src\hotspot\share\interpreter\linkResolver.cpp, line 771]
Event: 19.402 Thread 0x000001d5057ba030 Exception <a 'java/lang/NoSuchMethodError'{0x000000008d11b510}: 'java.lang.Object java.lang.invoke.Invokers$Holder.invoker(java.lang.Object, java.lang.Object, java.lang.Object, java.lang.Object)'> (0x000000008d11b510) 
thrown [s\src\hotspot\share\interpreter\linkResolver.cpp, line 771]
Event: 19.425 Thread 0x000001d5057ba030 Exception <a 'java/lang/NoSuchMethodError'{0x000000008d1c6160}: 'java.lang.Object java.lang.invoke.DelegatingMethodHandle$Holder.reinvoke_L(java.lang.Object, java.lang.Object, java.lang.Object, java.lang.Object, java.lang.Object, java.lang.Object, java.lang.Object, java.lang.Object, java.lang.Object, java.lang.Object, java.lang.Object, java.lang.Object, java.lang.Object, java.lang.Object, java.lang.Object, java.lang.Object, java.lang.Object, java.lang.Object, java.lang.Object, java.lang.Object, java.lang.O
Event: 19.426 Thread 0x000001d5057ba030 Exception <a 'java/lang/NoSuchMethodError'{0x000000008d1d1930}: 'java.lang.Object java.lang.invoke.Invokers$Holder.invoker(java.lang.Object, java.lang.Object, java.lang.Object, java.lang.Object, java.lang.Object, java.lang.Object, java.lang.Object, java.lang.Object, java.lang.Object, java.lang.Object, java.lang.Object, java.lang.Object, java.lang.Object, java.lang.Object, java.lang.Object, java.lang.Object, java.lang.Object, java.lang.Object, java.lang.Object, java.lang.Object, java.lang.Object)'> (0x00000
Event: 19.426 Thread 0x000001d5057ba030 Exception <a 'java/lang/NoSuchMethodError'{0x000000008d1d82e8}: 'java.lang.Object java.lang.invoke.DelegatingMethodHandle$Holder.delegate(java.lang.Object, java.lang.Object, java.lang.Object, java.lang.Object, java.lang.Object, java.lang.Object, java.lang.Object, java.lang.Object, java.lang.Object, java.lang.Object, java.lang.Object, java.lang.Object, java.lang.Object, java.lang.Object, java.lang.Object, java.lang.Object, java.lang.Object, java.lang.Object, java.lang.Object, java.lang.Object, java.lang.Obj
Event: 19.434 Thread 0x000001d5057ba030 Exception <a 'java/lang/NoSuchMethodError'{0x000000008d05c080}: 'java.lang.Object java.lang.invoke.DirectMethodHandle$Holder.invokeStatic(java.lang.Object, java.lang.Object, java.lang.Object, java.lang.Object, java.lang.Object, java.lang.Object, java.lang.Object, java.lang.Object, java.lang.Object, java.lang.Object, java.lang.Object, java.lang.Object, java.lang.Object, java.lang.Object, java.lang.Object, java.lang.Object, java.lang.Object)'> (0x000000008d05c080) 
thrown [s\src\hotspot\share\interpreter\lin
Event: 19.436 Thread 0x000001d5057ba030 Exception <a 'java/lang/NoSuchMethodError'{0x000000008d083ca0}: 'java.lang.Object java.lang.invoke.DirectMethodHandle$Holder.invokeStatic(java.lang.Object, java.lang.Object, java.lang.Object, java.lang.Object, java.lang.Object, java.lang.Object, java.lang.Object, java.lang.Object, java.lang.Object, java.lang.Object, java.lang.Object, java.lang.Object, java.lang.Object, java.lang.Object, java.lang.Object, java.lang.Object, java.lang.Object, java.lang.Object)'> (0x000000008d083ca0) 
thrown [s\src\hotspot\sha
Event: 19.439 Thread 0x000001d5057ba030 Exception <a 'java/lang/NoSuchMethodError'{0x000000008d0ac588}: 'java.lang.Object java.lang.invoke.DirectMethodHandle$Holder.invokeStatic(java.lang.Object, java.lang.Object, java.lang.Object, java.lang.Object, java.lang.Object, java.lang.Object, java.lang.Object, java.lang.Object, java.lang.Object, java.lang.Object, java.lang.Object, java.lang.Object, java.lang.Object, java.lang.Object, java.lang.Object, java.lang.Object, java.lang.Object, java.lang.Object, java.lang.Object)'> (0x000000008d0ac588) 
thrown 
Event: 19.442 Thread 0x000001d5057ba030 Exception <a 'java/lang/NoSuchMethodError'{0x000000008d0d5e90}: 'java.lang.Object java.lang.invoke.DirectMethodHandle$Holder.invokeStatic(java.lang.Object, java.lang.Object, java.lang.Object, java.lang.Object, java.lang.Object, java.lang.Object, java.lang.Object, java.lang.Object, java.lang.Object, java.lang.Object, java.lang.Object, java.lang.Object, java.lang.Object, java.lang.Object, java.lang.Object, java.lang.Object, java.lang.Object, java.lang.Object, java.lang.Object, java.lang.Object)'> (0x00000000
Event: 19.445 Thread 0x000001d5057ba030 Exception <a 'java/lang/NoSuchMethodError'{0x000000008cf00cb8}: 'java.lang.Object java.lang.invoke.DirectMethodHandle$Holder.invokeStatic(java.lang.Object, java.lang.Object, java.lang.Object, java.lang.Object, java.lang.Object, java.lang.Object, java.lang.Object, java.lang.Object, java.lang.Object, java.lang.Object, java.lang.Object, java.lang.Object, java.lang.Object, java.lang.Object, java.lang.Object, java.lang.Object, java.lang.Object, java.lang.Object, java.lang.Object, java.lang.Object, java.lang.Obj
Event: 19.448 Thread 0x000001d5057ba030 Exception <a 'java/lang/NoSuchMethodError'{0x000000008cf2bfc0}: 'java.lang.Object java.lang.invoke.DirectMethodHandle$Holder.invokeStatic(java.lang.Object, java.lang.Object, java.lang.Object, java.lang.Object, java.lang.Object, java.lang.Object, java.lang.Object, java.lang.Object, java.lang.Object, java.lang.Object, java.lang.Object, java.lang.Object, java.lang.Object, java.lang.Object, java.lang.Object, java.lang.Object, java.lang.Object, java.lang.Object, java.lang.Object, java.lang.Object, java.lang.Obj
Event: 19.450 Thread 0x000001d5057ba030 Exception <a 'java/lang/NoSuchMethodError'{0x000000008cf58d60}: 'java.lang.Object java.lang.invoke.DirectMethodHandle$Holder.invokeStatic(java.lang.Object, java.lang.Object, java.lang.Object, java.lang.Object, java.lang.Object, java.lang.Object, java.lang.Object, java.lang.Object, java.lang.Object, java.lang.Object, java.lang.Object, java.lang.Object, java.lang.Object, java.lang.Object, java.lang.Object, java.lang.Object, java.lang.Object, java.lang.Object, java.lang.Object, java.lang.Object, java.lang.Obj
Event: 19.452 Thread 0x000001d5057ba030 Exception <a 'java/lang/NoSuchMethodError'{0x000000008cf88310}: 'java.lang.Object java.lang.invoke.DirectMethodHandle$Holder.invokeStatic(java.lang.Object, java.lang.Object, java.lang.Object, java.lang.Object, java.lang.Object, java.lang.Object, java.lang.Object, java.lang.Object, java.lang.Object, java.lang.Object, java.lang.Object, java.lang.Object, java.lang.Object, java.lang.Object, java.lang.Object, java.lang.Object, java.lang.Object, java.lang.Object, java.lang.Object, java.lang.Object, java.lang.Obj
Event: 19.589 Thread 0x000001d5057ba030 Exception <a 'java/lang/IncompatibleClassChangeError'{0x000000008c222f80}: Found class java.lang.Object, but interface was expected> (0x000000008c222f80) 
thrown [s\src\hotspot\share\interpreter\linkResolver.cpp, line 838]
Event: 19.693 Thread 0x000001d5057ba030 Exception <a 'java/lang/IncompatibleClassChangeError'{0x000000008c0622c8}: Found class java.lang.Object, but interface was expected> (0x000000008c0622c8) 
thrown [s\src\hotspot\share\interpreter\linkResolver.cpp, line 838]
Event: 19.729 Thread 0x000001d5057ba030 Exception <a 'java/lang/NoSuchMethodError'{0x000000008bfcf528}: 'int java.lang.invoke.DirectMethodHandle$Holder.invokeStaticInit(java.lang.Object, java.lang.Object, java.lang.Object, java.lang.Object, java.lang.Object)'> (0x000000008bfcf528) 
thrown [s\src\hotspot\share\interpreter\linkResolver.cpp, line 771]

VM Operations (20 events):
Event: 17.097 Executing VM operation: G1CollectForAllocation
Event: 17.103 Executing VM operation: G1CollectForAllocation done
Event: 17.333 Executing VM operation: G1CollectForAllocation
Event: 17.339 Executing VM operation: G1CollectForAllocation done
Event: 18.091 Executing VM operation: G1CollectForAllocation
Event: 18.093 Executing VM operation: G1CollectForAllocation done
Event: 18.381 Executing VM operation: G1CollectForAllocation
Event: 18.383 Executing VM operation: G1CollectForAllocation done
Event: 18.464 Executing VM operation: HandshakeAllThreads
Event: 18.464 Executing VM operation: HandshakeAllThreads done
Event: 18.465 Executing VM operation: HandshakeAllThreads
Event: 18.465 Executing VM operation: HandshakeAllThreads done
Event: 18.826 Executing VM operation: G1CollectForAllocation
Event: 18.828 Executing VM operation: G1CollectForAllocation done
Event: 19.032 Executing VM operation: ICBufferFull
Event: 19.033 Executing VM operation: ICBufferFull done
Event: 19.586 Executing VM operation: HandshakeAllThreads
Event: 19.586 Executing VM operation: HandshakeAllThreads done
Event: 19.593 Executing VM operation: HandshakeAllThreads
Event: 19.593 Executing VM operation: HandshakeAllThreads done

Events (20 events):
Event: 19.435 loading class java/lang/invoke/BoundMethodHandle$Species_LLLLLLLLLLLLLLL
Event: 19.435 loading class java/lang/invoke/BoundMethodHandle$Species_LLLLLLLLLLLLLLL done
Event: 19.437 loading class java/lang/invoke/BoundMethodHandle$Species_LLLLLLLLLLLLLLLL
Event: 19.437 loading class java/lang/invoke/BoundMethodHandle$Species_LLLLLLLLLLLLLLLL done
Event: 19.440 loading class java/lang/invoke/BoundMethodHandle$Species_LLLLLLLLLLLLLLLLL
Event: 19.440 loading class java/lang/invoke/BoundMethodHandle$Species_LLLLLLLLLLLLLLLLL done
Event: 19.443 loading class java/lang/invoke/BoundMethodHandle$Species_LLLLLLLLLLLLLLLLLL
Event: 19.443 loading class java/lang/invoke/BoundMethodHandle$Species_LLLLLLLLLLLLLLLLLL done
Event: 19.446 loading class java/lang/invoke/BoundMethodHandle$Species_LLLLLLLLLLLLLLLLLLL
Event: 19.446 loading class java/lang/invoke/BoundMethodHandle$Species_LLLLLLLLLLLLLLLLLLL done
Event: 19.449 loading class java/lang/invoke/BoundMethodHandle$Species_LLLLLLLLLLLLLLLLLLLL
Event: 19.449 loading class java/lang/invoke/BoundMethodHandle$Species_LLLLLLLLLLLLLLLLLLLL done
Event: 19.451 loading class java/lang/invoke/BoundMethodHandle$Species_LLLLLLLLLLLLLLLLLLLLL
Event: 19.451 loading class java/lang/invoke/BoundMethodHandle$Species_LLLLLLLLLLLLLLLLLLLLL done
Event: 19.648 loading class java/util/function/IntBinaryOperator
Event: 19.649 loading class java/util/function/IntBinaryOperator done
Event: 19.649 loading class java/util/stream/ReduceOps$6
Event: 19.649 loading class java/util/stream/ReduceOps$6 done
Event: 19.649 loading class java/util/stream/ReduceOps$5ReducingSink
Event: 19.649 loading class java/util/stream/ReduceOps$5ReducingSink done


Dynamic libraries:
0x00007ff6a8380000 - 0x00007ff6a838a000 	C:\Program Files\Android\Android Studio\jbr\bin\java.exe
0x00007ffdb9450000 - 0x00007ffdb9666000 	C:\WINDOWS\SYSTEM32\ntdll.dll
0x00007ffdb7da0000 - 0x00007ffdb7e64000 	C:\WINDOWS\System32\KERNEL32.DLL
0x00007ffdb69b0000 - 0x00007ffdb6d56000 	C:\WINDOWS\System32\KERNELBASE.dll
0x00007ffdb7080000 - 0x00007ffdb7191000 	C:\WINDOWS\System32\ucrtbase.dll
0x00007ffd9e310000 - 0x00007ffd9e327000 	C:\Program Files\Android\Android Studio\jbr\bin\jli.dll
0x00007ffd94b60000 - 0x00007ffd94b7b000 	C:\Program Files\Android\Android Studio\jbr\bin\VCRUNTIME140.dll
0x00007ffdb88f0000 - 0x00007ffdb8a9d000 	C:\WINDOWS\System32\USER32.dll
0x00007ffda49b0000 - 0x00007ffda4c43000 	C:\WINDOWS\WinSxS\amd64_microsoft.windows.common-controls_6595b64144ccf1df_6.0.22621.3235_none_270f74e173860f98\COMCTL32.dll
0x00007ffdb6790000 - 0x00007ffdb67b6000 	C:\WINDOWS\System32\win32u.dll
0x00007ffdb72f0000 - 0x00007ffdb7397000 	C:\WINDOWS\System32\msvcrt.dll
0x00007ffdb71a0000 - 0x00007ffdb71c9000 	C:\WINDOWS\System32\GDI32.dll
0x00007ffdb67f0000 - 0x00007ffdb6908000 	C:\WINDOWS\System32\gdi32full.dll
0x00007ffdb6910000 - 0x00007ffdb69aa000 	C:\WINDOWS\System32\msvcp_win.dll
0x00007ffdb7c00000 - 0x00007ffdb7c31000 	C:\WINDOWS\System32\IMM32.DLL
0x00007ffd94450000 - 0x00007ffd9445c000 	C:\Program Files\Android\Android Studio\jbr\bin\vcruntime140_1.dll
0x00007ffd6a910000 - 0x00007ffd6a99d000 	C:\Program Files\Android\Android Studio\jbr\bin\msvcp140.dll
0x00007ffd5e270000 - 0x00007ffd5eef3000 	C:\Program Files\Android\Android Studio\jbr\bin\server\jvm.dll
0x00007ffdb75d0000 - 0x00007ffdb7682000 	C:\WINDOWS\System32\ADVAPI32.dll
0x00007ffdb7cf0000 - 0x00007ffdb7d98000 	C:\WINDOWS\System32\sechost.dll
0x00007ffdb67c0000 - 0x00007ffdb67e8000 	C:\WINDOWS\System32\bcrypt.dll
0x00007ffdb71d0000 - 0x00007ffdb72e5000 	C:\WINDOWS\System32\RPCRT4.dll
0x00007ffdb58d0000 - 0x00007ffdb591d000 	C:\WINDOWS\SYSTEM32\POWRPROF.dll
0x00007ffd2cf80000 - 0x00007ffd2cf89000 	C:\WINDOWS\SYSTEM32\WSOCK32.dll
0x00007ffdb7e70000 - 0x00007ffdb7ee1000 	C:\WINDOWS\System32\WS2_32.dll
0x00007ffdaa8b0000 - 0x00007ffdaa8e4000 	C:\WINDOWS\SYSTEM32\WINMM.dll
0x00007ffda3790000 - 0x00007ffda379a000 	C:\WINDOWS\SYSTEM32\VERSION.dll
0x00007ffdb5870000 - 0x00007ffdb5883000 	C:\WINDOWS\SYSTEM32\UMPDC.dll
0x00007ffdb5850000 - 0x00007ffdb5868000 	C:\WINDOWS\SYSTEM32\kernel.appcore.dll
0x00007ffdab100000 - 0x00007ffdab10a000 	C:\Program Files\Android\Android Studio\jbr\bin\jimage.dll
0x00007ffdb4260000 - 0x00007ffdb4493000 	C:\WINDOWS\SYSTEM32\DBGHELP.DLL
0x00007ffdb84d0000 - 0x00007ffdb8858000 	C:\WINDOWS\System32\combase.dll
0x00007ffdb7b20000 - 0x00007ffdb7bf7000 	C:\WINDOWS\System32\OLEAUT32.dll
0x00007ffda1130000 - 0x00007ffda1162000 	C:\WINDOWS\SYSTEM32\dbgcore.DLL
0x00007ffdb6e20000 - 0x00007ffdb6e9a000 	C:\WINDOWS\System32\bcryptPrimitives.dll
0x00007ffda4960000 - 0x00007ffda4985000 	C:\Program Files\Android\Android Studio\jbr\bin\java.dll
0x00007ffda3900000 - 0x00007ffda3918000 	C:\Program Files\Android\Android Studio\jbr\bin\zip.dll
0x00007ffdb8bb0000 - 0x00007ffdb940d000 	C:\WINDOWS\System32\SHELL32.dll
0x00007ffdb46f0000 - 0x00007ffdb4fe8000 	C:\WINDOWS\SYSTEM32\windows.storage.dll
0x00007ffdb45b0000 - 0x00007ffdb46ee000 	C:\WINDOWS\SYSTEM32\wintypes.dll
0x00007ffdb80a0000 - 0x00007ffdb8193000 	C:\WINDOWS\System32\SHCORE.dll
0x00007ffdb8aa0000 - 0x00007ffdb8afe000 	C:\WINDOWS\System32\shlwapi.dll
0x00007ffdb66c0000 - 0x00007ffdb66e6000 	C:\WINDOWS\SYSTEM32\profapi.dll
0x00007ffda02d0000 - 0x00007ffda02e9000 	C:\Program Files\Android\Android Studio\jbr\bin\net.dll
0x00007ffdaca90000 - 0x00007ffdacbc7000 	C:\WINDOWS\SYSTEM32\WINHTTP.dll
0x00007ffdb5d40000 - 0x00007ffdb5da9000 	C:\WINDOWS\system32\mswsock.dll
0x00007ffd9eae0000 - 0x00007ffd9eaf6000 	C:\Program Files\Android\Android Studio\jbr\bin\nio.dll
0x00007ffdab0b0000 - 0x00007ffdab0c0000 	C:\Program Files\Android\Android Studio\jbr\bin\verify.dll
0x00007ffd94280000 - 0x00007ffd942a7000 	C:\Users\bashir\Downloads\gradle-8.6-all\gradle-8.6\native\68d5fa5c4cc2d200863cafc0d521ce42e7d3e7ee720ec0a83991735586a16f82\windows-amd64\native-platform.dll
0x00007ffd636c0000 - 0x00007ffd63804000 	C:\Users\bashir\Downloads\gradle-8.6-all\gradle-8.6\native\e376f236ea51e6404a007f0833ffe2c6e607c4080706a723a18a27aeea778392\windows-amd64\native-platform-file-events.dll
0x00007ffdaa970000 - 0x00007ffdaa979000 	C:\Program Files\Android\Android Studio\jbr\bin\management.dll
0x00007ffda4950000 - 0x00007ffda495b000 	C:\Program Files\Android\Android Studio\jbr\bin\management_ext.dll
0x00007ffdb8200000 - 0x00007ffdb8208000 	C:\WINDOWS\System32\PSAPI.DLL
0x00007ffdb5f90000 - 0x00007ffdb5fab000 	C:\WINDOWS\SYSTEM32\CRYPTSP.dll
0x00007ffdb57a0000 - 0x00007ffdb57d5000 	C:\WINDOWS\system32\rsaenh.dll
0x00007ffdb5e30000 - 0x00007ffdb5e5c000 	C:\WINDOWS\SYSTEM32\USERENV.dll
0x00007ffdb5fb0000 - 0x00007ffdb5fbc000 	C:\WINDOWS\SYSTEM32\CRYPTBASE.dll
0x00007ffdb5240000 - 0x00007ffdb526d000 	C:\WINDOWS\SYSTEM32\IPHLPAPI.DLL
0x00007ffdb8860000 - 0x00007ffdb8869000 	C:\WINDOWS\System32\NSI.dll
0x00007ffdac820000 - 0x00007ffdac839000 	C:\WINDOWS\SYSTEM32\dhcpcsvc6.DLL
0x00007ffdac800000 - 0x00007ffdac81f000 	C:\WINDOWS\SYSTEM32\dhcpcsvc.DLL
0x00007ffdb5270000 - 0x00007ffdb5369000 	C:\WINDOWS\SYSTEM32\DNSAPI.dll
0x00007ffd9c310000 - 0x00007ffd9c318000 	C:\WINDOWS\system32\wshunix.dll

dbghelp: loaded successfully - version: 4.0.5 - missing functions: none
symbol engine: initialized successfully - sym options: 0x614 - pdb path: .;C:\Program Files\Android\Android Studio\jbr\bin;C:\WINDOWS\SYSTEM32;C:\WINDOWS\WinSxS\amd64_microsoft.windows.common-controls_6595b64144ccf1df_6.0.22621.3235_none_270f74e173860f98;C:\Program Files\Android\Android Studio\jbr\bin\server;C:\Users\bashir\Downloads\gradle-8.6-all\gradle-8.6\native\68d5fa5c4cc2d200863cafc0d521ce42e7d3e7ee720ec0a83991735586a16f82\windows-amd64;C:\Users\bashir\Downloads\gradle-8.6-all\gradle-8.6\native\e376f236ea51e6404a007f0833ffe2c6e607c4080706a723a18a27aeea778392\windows-amd64

VM Arguments:
jvm_args: --add-opens=java.base/java.util.concurrent.atomic=ALL-UNNAMED --add-opens=java.base/java.util=ALL-UNNAMED --add-opens=java.base/java.lang=ALL-UNNAMED --add-opens=java.base/java.lang.invoke=ALL-UNNAMED --add-opens=java.prefs/java.util.prefs=ALL-UNNAMED --add-opens=java.base/java.nio.charset=ALL-UNNAMED --add-opens=java.base/java.net=ALL-UNNAMED --add-opens=java.base/java.util.concurrent.atomic=ALL-UNNAMED -Xmx2048m -Dfile.encoding=UTF-8 -Duser.country=US -Duser.language=en -Duser.variant 
java_command: org.gradle.launcher.daemon.bootstrap.GradleDaemon 8.0
java_class_path (initial): C:\Users\bashir\Downloads\gradle-8.6-all\gradle-8.6\wrapper\dists\gradle-8.0-bin\ca5e32bp14vu59qr306oxotwh\gradle-8.0\lib\gradle-launcher-8.0.jar
Launcher Type: SUN_STANDARD

[Global flags]
     intx CICompilerCount                          = 4                                         {product} {ergonomic}
     uint ConcGCThreads                            = 2                                         {product} {ergonomic}
     uint G1ConcRefinementThreads                  = 8                                         {product} {ergonomic}
   size_t G1HeapRegionSize                         = 1048576                                   {product} {ergonomic}
    uintx GCDrainStackTargetSize                   = 64                                        {product} {ergonomic}
   size_t InitialHeapSize                          = 264241152                                 {product} {ergonomic}
   size_t MarkStackSize                            = 4194304                                   {product} {ergonomic}
   size_t MaxHeapSize                              = 2147483648                                {product} {command line}
   size_t MaxNewSize                               = 1287651328                                {product} {ergonomic}
   size_t MinHeapDeltaBytes                        = 1048576                                   {product} {ergonomic}
   size_t MinHeapSize                              = 8388608                                   {product} {ergonomic}
    uintx NonNMethodCodeHeapSize                   = 5839372                                {pd product} {ergonomic}
    uintx NonProfiledCodeHeapSize                  = 122909434                              {pd product} {ergonomic}
    uintx ProfiledCodeHeapSize                     = 122909434                              {pd product} {ergonomic}
    uintx ReservedCodeCacheSize                    = 251658240                              {pd product} {ergonomic}
     bool SegmentedCodeCache                       = true                                      {product} {ergonomic}
   size_t SoftMaxHeapSize                          = 2147483648                             {manageable} {ergonomic}
     bool UseCompressedClassPointers               = true                           {product lp64_product} {ergonomic}
     bool UseCompressedOops                        = true                           {product lp64_product} {ergonomic}
     bool UseG1GC                                  = true                                      {product} {ergonomic}
     bool UseLargePagesIndividualAllocation        = false                                  {pd product} {ergonomic}

Logging:
Log output configuration:
 #0: stdout all=warning uptime,level,tags
 #1: stderr all=off uptime,level,tags

Environment Variables:
PATH=C:\Program Files (x86)\Common Files\Oracle\Java\javapath;C:\WINDOWS\system32;C:\WINDOWS;C:\WINDOWS\System32\Wbem;C:\WINDOWS\System32\WindowsPowerShell\v1.0\;C:\WINDOWS\System32\OpenSSH\;C:\Users\bashir\AppData\Roaming\Microsoft\Windows\Start Menu\Programs\Python 3.10;C:\Users\bashir\AppData\Local\Programs\Python\Python39\Scripts;C:\Users\bashir\AppData\Local\Programs\Python\Python310;C:\Users\bashir\AppData\Local\Programs\Python\Python310\Scripts;c:\users\bashir\appdata\local\programs\python\python310\lib\site-packages;C:\Program Files\dotnet\;C:\Program Files\PuTTY\;C:\Program Files\nodejs\;C:\Program Files\Git\cmd;C:\Users\bashir\AppData\Local\Programs\Python\Python311\Scripts\;C:\Users\bashir\AppData\Local\Programs\Python\Python311\;C:\WINDOWS\system32;C:\WINDOWS;C:\WINDOWS\System32\Wbem;C:\WINDOWS\System32\WindowsPowerShell\v1.0\;C:\WINDOWS\System32\OpenSSH\;C:\Users\bashir\AppData\Roaming\Microsoft\Windows\Start Menu\Programs\Python 3.10;C:\Users\bashir\AppData\Local\Programs\Python\Python39\Scripts;C:\Users\bashir\AppData\Local\Programs\Python\Python310;C:\Users\bashir\AppData\Local\Programs\Python\Python310\Scripts;c:\users\bashir\appdata\local\programs\python\python310\lib\site-packages;C:\Program Files\dotnet\;C:\Users\bashir\AppData\Local\Programs\Python\Python310\Scripts\;C:\Users\bashir\AppData\Local\Programs\Python\Python310\;C:\Users\bashir\AppData\Local\Microsoft\WindowsApps;C:\Program Files (x86)\Avogadro\bin;C:\Users\bashir\AppData\Local\Programs\Microsoft VS Code\bin;C:\Python34\Scripts;C:\Users\bashir\AppData\Local\GitHub;C:\Users\bashir\AppData\Local\Microsoft\WindowsApps;C:\Program Files\JetBrains\CLion 2023.2.2\bin;;C:\Users\bashir\AppData
USERNAME=bashir
OS=Windows_NT
PROCESSOR_IDENTIFIER=Intel64 Family 6 Model 126 Stepping 5, GenuineIntel
TMP=C:\Users\bashir\AppData\Local\Temp
TEMP=C:\Users\bashir\AppData\Local\Temp



Periodic native trim disabled

JNI global refs:
JNI global refs: 27, weak refs: 2

JNI global refs memory usage: 843, weak refs: 841

OOME stack traces (most recent first):
Classloader memory used:
Loader org.gradle.internal.classloader.VisitableURLClassLoader                         : 3763K
Loader bootstrap                                                                       : 2462K
Loader org.gradle.initialization.MixInLegacyTypesClassLoader                           : 669K
Loader org.gradle.internal.classloader.VisitableURLClassLoader                         : 112K
Loader jdk.internal.loader.ClassLoaders$PlatformClassLoader                            : 65142B
Loader jdk.internal.loader.ClassLoaders$AppClassLoader                                 : 26051B
Loader jdk.internal.reflect.DelegatingClassLoader                                      : 19655B
Loader groovy.lang.GroovyClassLoader$InnerLoader                                       : 10628B
Loader org.gradle.groovy.scripts.internal.DefaultScriptCompilationHandler$ScriptClassLoader: 9525B
Loader org.codehaus.groovy.runtime.callsite.CallSiteClassLoader                        : 5886B

Classes loaded by more than one classloader:
Class _BuildScript_$_run_closure1                                                     : loaded 5 times (x 130B)
Class _BuildScript_                                                                   : loaded 5 times (x 171B)
Class _BuildScript_$_run_closure1$_closure2                                           : loaded 3 times (x 130B)
Class org.gradle.api.GradleException                                                  : loaded 3 times (x 80B)
Class com.intellij.openapi.externalSystem.model.ExternalSystemException               : loaded 2 times (x 84B)
Class org.gradle.api.Action                                                           : loaded 2 times (x 68B)
Class org.gradle.api.internal.DefaultClassPathProvider                                : loaded 2 times (x 74B)
Class org.gradle.internal.installation.GradleInstallation$1                           : loaded 2 times (x 73B)
Class org.gradle.internal.exceptions.DefaultMultiCauseException                       : loaded 2 times (x 89B)
Class org.gradle.internal.time.MonotonicClock                                         : loaded 2 times (x 75B)
Class org.gradle.internal.classloader.FilteringClassLoader                            : loaded 2 times (x 103B)
Class org.gradle.api.internal.classpath.DefaultModuleRegistry                         : loaded 2 times (x 84B)
Class org.gradle.internal.classpath.DefaultClassPath$ImmutableUniqueList$Builder      : loaded 2 times (x 73B)
Class org.gradle.internal.classloader.ClassLoaderVisitor                              : loaded 2 times (x 74B)
Class org.gradle.internal.classpath.ClassPath                                         : loaded 2 times (x 68B)
Class org.gradle.internal.time.DefaultCountdownTimer                                  : loaded 2 times (x 86B)
Class org.gradle.util.GradleVersion                                                   : loaded 2 times (x 81B)
Class org.gradle.internal.service.DefaultServiceLocator                               : loaded 2 times (x 81B)
Class org.gradle.internal.service.UnknownServiceException                             : loaded 2 times (x 81B)
Class org.gradle.internal.classloader.DefaultClassLoaderFactory                       : loaded 2 times (x 80B)
Class org.gradle.internal.classloader.VisitableURLClassLoader$Spec                    : loaded 2 times (x 72B)
Class org.gradle.tooling.model.ProjectModel                                           : loaded 2 times (x 68B)
Class org.gradle.tooling.model.Model                                                  : loaded 2 times (x 68B)
Class org.gradle.api.internal.classpath.ModuleRegistry                                : loaded 2 times (x 68B)
Class org.gradle.api.internal.ClassPathProvider                                       : loaded 2 times (x 68B)
Class org.gradle.internal.classloader.ClasspathUtil$1                                 : loaded 2 times (x 74B)
Class org.gradle.internal.classloader.ClassLoaderFactory                              : loaded 2 times (x 68B)
Class org.gradle.api.internal.classpath.ManifestUtil                                  : loaded 2 times (x 69B)
Class org.gradle.api.specs.Spec                                                       : loaded 2 times (x 68B)
Class org.gradle.internal.IoActions                                                   : loaded 2 times (x 69B)
Class org.gradle.api.internal.classpath.EffectiveClassPath                            : loaded 2 times (x 88B)
Class org.gradle.internal.installation.CurrentGradleInstallation                      : loaded 2 times (x 71B)
Class org.gradle.internal.installation.CurrentGradleInstallationLocator               : loaded 2 times (x 69B)
Class org.gradle.api.internal.classpath.Module                                        : loaded 2 times (x 68B)
Class org.gradle.internal.service.CachingServiceLocator                               : loaded 2 times (x 80B)
Class org.gradle.internal.time.Timer                                                  : loaded 2 times (x 68B)
Class org.gradle.internal.classpath.DefaultClassPath                                  : loaded 2 times (x 88B)
Class org.gradle.internal.time.Time                                                   : loaded 2 times (x 69B)
Class org.gradle.internal.time.TimeSource$1                                           : loaded 2 times (x 75B)
Class org.gradle.internal.classloader.SystemClassLoaderSpec                           : loaded 2 times (x 69B)
Class org.gradle.api.UncheckedIOException                                             : loaded 2 times (x 80B)
Class sync_studio_tooling5013_emvneg52sevt1dhz6r9mc8x6e$_run_closure1                 : loaded 2 times (x 134B)
Class org.gradle.internal.time.Clock                                                  : loaded 2 times (x 68B)
Class org.gradle.internal.time.CountdownTimer                                         : loaded 2 times (x 68B)
Class org.gradle.internal.classloader.ClasspathUtil                                   : loaded 2 times (x 69B)
Class org.gradle.api.internal.DefaultClassPathRegistry                                : loaded 2 times (x 74B)
Class org.gradle.api.internal.classpath.DefaultModuleRegistry$DefaultModule           : loaded 2 times (x 84B)
Class org.gradle.internal.time.TimeSource                                             : loaded 2 times (x 68B)
Class org.gradle.api.internal.classpath.UnknownModuleException                        : loaded 2 times (x 80B)
Class ijInit3_3ob76v6awsbywdukaxhjairys                                               : loaded 2 times (x 177B)
Class org.gradle.internal.service.ServiceLookupException                              : loaded 2 times (x 80B)
Class org.gradle.cache.GlobalCache                                                    : loaded 2 times (x 68B)
Class [Lorg.gradle.api.internal.ClassPathProvider;                                    : loaded 2 times (x 67B)
Class org.gradle.internal.operations.MultipleBuildOperationFailures                   : loaded 2 times (x 89B)
Class org.gradle.util.internal.GUtil                                                  : loaded 2 times (x 69B)
Class org.gradle.internal.classloader.ClassLoaderSpec                                 : loaded 2 times (x 69B)
Class org.gradle.internal.installation.GradleInstallation                             : loaded 2 times (x 73B)
Class org.gradle.internal.classloader.VisitableURLClassLoader                         : loaded 2 times (x 115B)
Class org.gradle.internal.Cast                                                        : loaded 2 times (x 69B)
Class org.gradle.api.internal.ClassPathRegistry                                       : loaded 2 times (x 68B)
Class org.gradle.internal.classloader.ClassLoaderHierarchy                            : loaded 2 times (x 68B)
Class org.gradle.internal.exceptions.MultiCauseException                              : loaded 2 times (x 68B)
Class sync_studio_tooling5013_emvneg52sevt1dhz6r9mc8x6e                               : loaded 2 times (x 177B)
Class JetGradlePlugin                                                                 : loaded 2 times (x 94B)
Class org.gradle.internal.InternalTransformer                                         : loaded 2 times (x 68B)
Class org.gradle.internal.service.ServiceLocator                                      : loaded 2 times (x 68B)
Class org.gradle.internal.classpath.DefaultClassPath$ImmutableUniqueList              : loaded 2 times (x 159B)
Class org.gradle.internal.time.DefaultTimer                                           : loaded 2 times (x 78B)


---------------  S Y S T E M  ---------------

OS:
 Windows 11 , 64 bit Build 22621 (10.0.22621.3235)
OS uptime: 0 days 3:12 hours

CPU: total 8 (initial active 8) (4 cores per cpu, 2 threads per core) family 6 model 126 stepping 5 microcode 0xa6, cx8, cmov, fxsr, ht, mmx, 3dnowpref, sse, sse2, sse3, ssse3, sse4.1, sse4.2, popcnt, lzcnt, tsc, tscinvbit, avx, avx2, aes, erms, clmul, bmi1, bmi2, adx, avx512f, avx512dq, avx512cd, avx512bw, avx512vl, sha, fma, vzeroupper, avx512_vpopcntdq, avx512_vpclmulqdq, avx512_vaes, avx512_vnni, clflush, clflushopt, avx512_vbmi2, avx512_vbmi
Processor Information for all 8 processors :
  Max Mhz: 1498, Current Mhz: 1298, Mhz Limit: 1288

Memory: 4k page, system-wide physical 16075M (677M free)
TotalPageFile size 19075M (AvailPageFile size 14M)
current process WorkingSet (physical memory assigned to process): 448M, peak: 455M
current process commit charge ("private bytes"): 488M, peak: 497M

vm_info: OpenJDK 64-Bit Server VM (17.0.9+0--11185874) for windows-amd64 JRE (17.0.9+0--11185874), built on Dec  6 2023 18:57:44 by "androidbuild" with MS VC++ 16.10 / 16.11 (VS2019)

END.
